IQ-TREE multicore version 2.3.6 for MacOS ARM 64-bit built Jul 30 2024
Developed by Bui Quang Minh, Nguyen Lam Tung, Olga Chernomor, Heiko Schmidt,
Dominik Schrempf, Michael Woodhams, Ly Trong Nhan, Thomas Wong

Host:    gamera.eemb.ucsb.edu (SSE4.2, 32 GB RAM)
Command: iqtree2 -s combined.fa -m JTT
Seed:    842763 (Using SPRNG - Scalable Parallel Random Number Generator)
Time:    Tue Jul  8 23:11:02 2025
Kernel:  SSE2 - 1 threads (10 CPU cores detected)

HINT: Use -nt option to specify number of threads because your CPU has 10 cores!
HINT: -nt AUTO will automatically determine the best number of threads to use.

Reading alignment file combined.fa ... Fasta format detected
Reading fasta file: done in 0.00480986 secs using 84.04% CPU
ERROR: Sequence CYANO150__Cyanobacteria__UniRef90_A0A969T0G4 contains too many characters (299)
ERROR: Sequence CYANO150__Cyanophyceae__UniRef90_A0A2W7ARY7 contains not enough characters (297)
ERROR: Sequence CYANO150__unclassified__UniRef90_A0A969FEC7 contains not enough characters (297)
ERROR: Sequence CYANO150__Leptolyngbya__UniRef90_A0A925M2S9 contains not enough characters (297)
ERROR: Sequence CYANO150__Chamaesiphon__UniRef90_UPI0035946169 contains too many characters (367)
ERROR: Sequence CYANO150__Chamaesiphon__UniRef90_UPI003592F9D2 contains too many characters (304)
ERROR: Sequence CYANO150__Chamaesiphon__UniRef90_UPI0035935AE6 contains not enough characters (249)
ERROR: Sequence CYANO150__Leptolyngbya__UniRef90_U9W0I1 contains not enough characters (282)
ERROR: Sequence CYANO150__Cyanophyceae__UniRef90_A0A8J7JTD9 contains not enough characters (269)
ERROR: Sequence CYANO150__Halomicronema__UniRef90_UPI0021030F7B contains not enough characters (281)
ERROR: Sequence CYANO150__Cyanophyceae__UniRef90_A0A4Q7E4T5 contains not enough characters (281)
ERROR: Sequence CYANO150__Leptolyngbyaceae__UniRef90_K8GTY7 contains not enough characters (262)
ERROR: Sequence CYANO150__Halothece__UniRef90_K9YEI2 contains not enough characters (281)
ERROR: Sequence CYANO150__Leptolyngbya__UniRef90_A0A6H2NHV9 contains not enough characters (276)
ERROR: Sequence CYANO150__Symploca__UniRef90_A0A845YHD9 contains not enough characters (265)
ERROR: Sequence CYANO150__Deinococcus__UniRef90_A0A172TD44 contains not enough characters (285)
ERROR: Sequence CYANO150__Deinococcus__UniRef90_A0A918CFF3 contains not enough characters (293)
ERROR: Sequence CYANO150__Deinococcus__UniRef90_A0A917PC33 contains not enough characters (295)
ERROR: Sequence CYANO150__Deinococcus__UniRef90_UPI0025F8D0E5 contains not enough characters (259)
ERROR: Sequence CYANO150__Allomeiothermus__UniRef90_UPI0023F38943 contains not enough characters (258)
ERROR: Sequence CYANO150__Bdellovibrio__UniRef90_A0A924B300 contains not enough characters (253)
ERROR: Sequence CYANO150__Trueperaceae__UniRef90_A0A5Q4G3V2 contains not enough characters (264)
ERROR: Sequence CYANO150__Myxococcales__UniRef90_A0A2E7ZR97 contains not enough characters (261)
ERROR: Sequence CYANO150__Thermaceae__UniRef90_A0A931EK09 contains not enough characters (262)
ERROR: Sequence CYANO150__Oligoflexia__UniRef90_A0A923U6H7 contains not enough characters (255)
ERROR: Sequence CYANO150__Deinococcus__UniRef90_UPI002869BBA0 contains too many characters (299)
ERROR: Sequence CYANO150__Bacteroidota__UniRef90_A0A3M2FMH9 contains not enough characters (260)
ERROR: Sequence CYANO150__Rhodothermales__UniRef90_A0A9D8YSH6 contains not enough characters (261)
ERROR: Sequence CYANO150__Pseudobdellovibrionaceae__UniRef90_A0A924ZXQ0 contains not enough characters (253)
ERROR: Sequence CYANO150__Deinococcus__UniRef90_A0A2K3UTP4 contains not enough characters (285)
ERROR: Sequence CYANO150__Deinococcus__UniRef90_UPI0031F05F27 contains too many characters (299)
ERROR: Sequence CYANO150__Bdellovibrio__UniRef90_A0A923V7B8 contains not enough characters (253)
ERROR: Sequence CYANO150__filamentous__UniRef90_A0A2P8WHZ5 contains not enough characters (220)
ERROR: Sequence CYANO150__Gracilibacteria__UniRef90_A0A968T6V2 contains not enough characters (284)
ERROR: Sequence CYANO150__Deinococcus__UniRef90_UPI001C63F925 contains not enough characters (234)
ERROR: Sequence CYANO150__Deltaproteobacteria__UniRef90_A0A2D4SQ06 contains not enough characters (262)
ERROR: Sequence CYANO150__Deinococcus__UniRef90_A0A1U7NV99 contains too many characters (305)
ERROR: Sequence CYANO150__unclassified__UniRef90_A5UXH7 contains not enough characters (259)
ERROR: Sequence CYANO150__Oligoflexia__UniRef90_A0A924SSG2 contains not enough characters (256)
ERROR: Sequence CYANO150__unclassified__UniRef90_UPI001E3E6221 contains too many characters (299)
ERROR: Sequence CYANO150__Deltaproteobacteria__UniRef90_A0A2E7UR14 contains not enough characters (262)
ERROR: Sequence CYANO150__Roseiflexaceae__UniRef90_A0A926CB40 contains not enough characters (259)
ERROR: Sequence CYANO150__Candidatus__UniRef90_A0A923XRS8 contains not enough characters (257)
ERROR: Sequence CYANO150__Chloroflexota__UniRef90_A0A6L9IXQ0 contains not enough characters (264)
ERROR: Sequence CYANO150__Chloroflexota__UniRef90_A0A8T7L1S3 contains not enough characters (270)
ERROR: Sequence CYANO150__Meiothermus__UniRef90_UPI0005667CA7 contains not enough characters (269)
ERROR: Sequence CYANO150__Meiothermus__UniRef90_A0A370JXE9 contains not enough characters (270)
ERROR: Sequence CYANO150__Salisaeta__UniRef90_UPI0003B640DC contains not enough characters (266)
ERROR: Sequence CYANO150__Meiothermus__UniRef90_UPI000408B316 contains not enough characters (269)
ERROR: Sequence CYANO150__Williamsia__UniRef90_UPI001BDAAC7A contains not enough characters (272)
ERROR: Sequence CYANO150__Deinococcales__UniRef90_A0A924RR09 contains not enough characters (288)
ERROR: Sequence CYANO150__Frankiaceae__UniRef90_A0A924NNI9 contains not enough characters (270)
ERROR: Sequence CYANO150__Ilumatobacteraceae__UniRef90_A0A973H857 contains not enough characters (271)
ERROR: Sequence CYANO150__Meiothermus__UniRef90_UPI00307DDE32 contains not enough characters (269)
ERROR: Sequence CYANO150__Frankiaceae__UniRef90_A0A924NQ99 contains not enough characters (275)
ERROR: Sequence CYANO150__Armatimonadota__UniRef90_A0A926BAJ6 contains not enough characters (266)
ERROR: Sequence CYANO150__Actinomycetes__UniRef90_A0A3C1P5D0 contains not enough characters (277)
ERROR: Sequence CYANO150__Actinotalea__UniRef90_A0A021VV84 contains not enough characters (278)
ERROR: Sequence CYANO150__Halalkalibaculum__UniRef90_A0A6M1SYC8 contains not enough characters (260)
ERROR: Sequence CYANO150__Calditrichota__UniRef90_A0A958E829 contains not enough characters (275)
ERROR: Sequence CYANO150__Bacteria__UniRef90_A0A977XLG0 contains not enough characters (256)
ERROR: Sequence CYANO150__Armatimonadota__UniRef90_A0A926BQ30 contains not enough characters (279)
ERROR: Sequence CYANO150__Nocardioides__UniRef90_UPI0031D37B4F contains not enough characters (276)
ERROR: Sequence CYANO150__Williamsia__UniRef90_UPI0020A3348B contains not enough characters (271)
ERROR: Sequence CYANO150__uncultured__UniRef90_UPI0035CB696C contains not enough characters (283)
ERROR: Sequence CYANO150__Deltaproteobacteria__UniRef90_A0A938QS95 contains not enough characters (257)
ERROR: Sequence CYANO150__Actinomycetes__UniRef90_A0A7K0P1B6 contains not enough characters (273)
ERROR: Sequence CYANO150__Longibacter__UniRef90_A0A2A8D2B5 contains not enough characters (273)
ERROR: Sequence CYANO150__Microbacteriaceae__UniRef90_A0A924CUM7 contains not enough characters (289)
ERROR: Sequence CYANO150__bacterium__UniRef90_A0A969PXR2 contains not enough characters (260)
ERROR: Sequence CYANO150__Mycolicibacterium__UniRef90_UPI001A280E7A contains not enough characters (283)
ERROR: Sequence CYANO150__Anaerolineae__UniRef90_A0A925E260 contains not enough characters (266)
ERROR: Sequence CYANO150__Sphingomonas__UniRef90_UPI00216411C4 contains not enough characters (254)
ERROR: Sequence CYANO150__Aeromicrobium__UniRef90_A0A924GH09 contains not enough characters (268)
ERROR: Sequence CYANO150__Sphingomonadales__UniRef90_A0A502FTC3 contains not enough characters (255)
ERROR: Sequence CYANO150__Chloroflexota__UniRef90_A0A3L7VYY9 contains not enough characters (256)
ERROR: Sequence CYANO150__unclassified__UniRef90_A0A7G8VYU8 contains not enough characters (250)
ERROR: Sequence CYANO150__Nocardioides__UniRef90_A0A0Q9PU23 contains not enough characters (273)
ERROR: Sequence CYANO150__Sphingomonadales__UniRef90_A0A426RPW8 contains not enough characters (253)
ERROR: Sequence CYANO150__Marisediminicola__UniRef90_A0A7L5AK79 contains not enough characters (274)
ERROR: Sequence CYANO150__Williamsia__UniRef90_UPI0016668F42 contains not enough characters (278)
ERROR: Sequence CYANO150__Ramlibacter__UniRef90_A0A923XFD9 contains not enough characters (250)
ERROR: Sequence CYANO150__Nocardioides__UniRef90_A0A0S9QCK3 contains not enough characters (282)
ERROR: Sequence CYANO150__Armatimonadota__UniRef90_A0A924Y846 contains not enough characters (272)
ERROR: Sequence CYANO150__Rhodococcus__UniRef90_UPI00223C9C6A contains not enough characters (275)
ERROR: Sequence CYANO150__Goekera__UniRef90_A0A7K3WHF5 contains too many characters (309)
ERROR: Sequence CYANO150__Armatimonadota__UniRef90_A0A926AH54 contains not enough characters (268)
ERROR: Sequence CYANO150__Cryobacterium__UniRef90_A0A5R1NKQ6 contains not enough characters (279)
ERROR: Sequence CYANO150__Cryobacterium__UniRef90_A0A4V3IV66 contains not enough characters (292)
ERROR: Sequence CYANO150__Ilumatobacter__UniRef90_UPI0026349BF9 contains not enough characters (275)
ERROR: Sequence CYANO150__Actinomycetota__UniRef90_A0A4P5SJD2 contains not enough characters (275)
ERROR: Sequence CYANO150__Bacteroidota__UniRef90_A0A2T4XL02 contains not enough characters (256)
ERROR: Sequence CYANO150__Rhodoferax__UniRef90_A0A924PWN9 contains not enough characters (247)
ERROR: Sequence CYANO150__Novosphingobium__UniRef90_UPI00260007B9 contains not enough characters (260)
ERROR: Sequence CYANO150__Nocardioides__UniRef90_UPI001CC7EDCB contains not enough characters (272)
ERROR: Sequence CYANO150__Sphingomonas__UniRef90_UPI0015771C83 contains not enough characters (252)
ERROR: Sequence CYANO150__Sphingorhabdus__UniRef90_A0A6I4M6C6 contains not enough characters (253)
ERROR: Sequence CYANO150__Nocardioides__UniRef90_UPI00286D3F2D contains not enough characters (270)
ERROR: Sequence CYANO150__Mycolicibacterium__UniRef90_UPI001A19B12E contains not enough characters (272)
ERROR: Sequence CYANO150__Bacteroidota/Chlorobiota__UniRef90_A0A2T2UNC8 contains not enough characters (279)
ERROR: Sequence CYANO150__Polymorphobacter__UniRef90_UPI001C1E708F contains not enough characters (259)
ERROR: Sequence CYANO150__Pseudonocardia__UniRef90_A0A1Q4DHI1 contains not enough characters (282)
ERROR: Sequence CYANO150__Novosphingobium__UniRef90_UPI00286A501F contains not enough characters (253)
ERROR: Sequence CYANO150__Chloroflexota__UniRef90_A0A8T6P5N0 contains not enough characters (268)
ERROR: Sequence CYANO150__Ilumatobacter__UniRef90_A0A945NTW3 contains not enough characters (264)
ERROR: Sequence CYANO150__Chloroflexota__UniRef90_A0A8T6NY40 contains not enough characters (265)
ERROR: Sequence CYANO150__Actinomycetota__UniRef90_A0A972XLD2 contains not enough characters (277)
ERROR: Sequence CYANO150__Chloroflexota__UniRef90_A0A8T7K4U3 contains not enough characters (260)
ERROR: Sequence CYANO150__Novosphingopyxis__UniRef90_UPI0003B5F996 contains not enough characters (282)
ERROR: Sequence CYANO150__Ilumatobacter__UniRef90_A0A945IRF6 contains not enough characters (272)
ERROR: Sequence CYANO150__Aquipuribacter__UniRef90_UPI0030EFA4BC contains not enough characters (297)
ERROR: Sequence CYANO150__Actinomycetota__UniRef90_A0A6I2XY17 contains not enough characters (277)
ERROR: Sequence CYANO150__Rhodoferax__UniRef90_A0A924NT25 contains not enough characters (247)
ERROR: Sequence CYANO150__Sandarakinorhabdus__UniRef90_UPI00286D8C23 contains not enough characters (258)
ERROR: Sequence CYANO150__Euzebya__UniRef90_UPI00196AFC51 contains not enough characters (269)
ERROR: Sequence CYANO150__Wenzhouxiangella__UniRef90_A0A5Q4GMP1 contains not enough characters (251)
ERROR: Sequence CYANO150__Clavibacter__UniRef90_UPI0026DDB336 contains not enough characters (275)
ERROR: Sequence CYANO150__Actinomycetes__UniRef90_A0A7K0KLA6 contains too many characters (320)
ERROR: Sequence CYANO150__uncultured__UniRef90_UPI0035CA0ED2 contains not enough characters (255)
ERROR: Sequence CYANO150__Rhodohalobacter__UniRef90_UPI001EDA905F contains not enough characters (259)
ERROR: Sequence CYANO150__Sphingomonadaceae__UniRef90_UPI001669FD14 contains not enough characters (260)
ERROR: Sequence CYANO150__Chloroflexota__UniRef90_A0A4P5V1B0 contains not enough characters (245)
ERROR: Sequence CYANO150__Nocardioides__UniRef90_A0A7Y9ULE6 contains not enough characters (279)
ERROR: Sequence CYANO150__Nocardioides__UniRef90_UPI00286D77D7 contains not enough characters (273)
ERROR: Sequence CYANO150__Salinibacter__UniRef90_Q2S2F8 contains not enough characters (273)
ERROR: Sequence CYANO150__Pyrinomonas__UniRef90_UPI00333052B4 contains not enough characters (255)
ERROR: Sequence CYANO150__Mycolicibacterium__UniRef90_UPI0010C0A09F contains not enough characters (295)
ERROR: Sequence CYANO150__Mycolicibacterium__UniRef90_A0AA37RQW6 contains not enough characters (285)
ERROR: Sequence CYANO150__Sphingomonadaceae__UniRef90_A0A502C9V7 contains not enough characters (257)
ERROR: Sequence CYANO150__unclassified__UniRef90_UPI001CEFCFBB contains not enough characters (248)
ERROR: Sequence CYANO150__Actinomycetes__UniRef90_A0A6I2XYV7 contains not enough characters (272)
ERROR: Sequence CYANO150__Balneolaceae__UniRef90_A0A2D8CE81 contains not enough characters (264)
ERROR: Sequence CYANO150__Polymorphobacter__UniRef90_A0A917A1R5 contains not enough characters (255)
ERROR: Sequence CYANO150__Sphingomonas__UniRef90_A0A7W9BTJ3 contains not enough characters (257)
ERROR: Sequence CYANO150__Actinomycetota__UniRef90_A0A965K6Y6 contains not enough characters (257)
ERROR: Sequence CYANO150__Sphingomonas__UniRef90_UPI002ED986C3 contains not enough characters (255)
ERROR: Sequence CYANO150__Sphingomonadaceae__UniRef90_A0A924C2L6 contains not enough characters (259)
ERROR: Sequence CYANO150__Sphingomonas__UniRef90_UPI00166A20D4 contains not enough characters (256)
ERROR: Sequence CYANO150__Mycolicibacterium__UniRef90_UPI001F1CAB3C contains not enough characters (293)
ERROR: Sequence CYANO150__Mycobacterium__UniRef90_A0A0T1WJZ0 contains not enough characters (285)
ERROR: Sequence CYANO150__Novosphingobium__UniRef90_UPI0025FC40A3 contains not enough characters (253)
ERROR: Sequence CYANO150__Sphingomonas__UniRef90_UPI00286D4F82 contains not enough characters (257)
ERROR: Sequence CYANO150__Actinomycetota__UniRef90_A0A938J199 contains not enough characters (268)
ERROR: Sequence CYANO150__Cryobacterium__UniRef90_A0A7W8ZXB5 contains not enough characters (281)
ERROR: Sequence CyR_Phormidesmis contains not enough characters (248)
ERROR: Sequence CyR_Tolypothrix contains not enough characters (252)
ERROR: Sequence CyR_Calothrix contains not enough characters (247)
ERROR: Sequence CyHR_Mastigocladopsis contains not enough characters (232)
ERROR: Sequence CyHR_Synechocystis contains not enough characters (234)
ERROR: Sequence BR_Halobacterium contains not enough characters (262)
ERROR: Sequence XeR_Nostoc contains not enough characters (261)
ERROR: Sequence PR_proteobacterium contains not enough characters (249)
ERROR: Sequence Br__Chromera__UR50_A0A0G4G5F3 contains too many characters (802)
ERROR: Sequence Br__Vitrella__UR50_A0A0G4FEK1 contains too many characters (369)
ERROR: Sequence Br__cellular__UR50_S0ELR6 contains too many characters (307)
ERROR: Sequence Br__Tremellales__UR50_A0A5M6C708 contains too many characters (332)
ERROR: Sequence Br__leotiomyceta__UR50_M2MME4 contains too many characters (309)
ERROR: Sequence Br__Daldinia__UR50_UPI00200731EA contains too many characters (313)
ERROR: Sequence Br__Archaea__UR50_P69051 contains not enough characters (260)
ERROR: Sequence Br__Bacteria__UR50_A0A0D8ZW42 contains not enough characters (236)
ERROR: Sequence Br__Halobacteria__UR50_Q53496 contains not enough characters (255)
ERROR: Sequence Br__Archaea__UR50_P94854 contains not enough characters (250)
ERROR: Sequence Br__Archaea__UR50_P02945 contains not enough characters (262)
ERROR: Sequence Br__Halobacteriales__UR50_A0A2R6DJW3 contains not enough characters (262)
ERROR: Sequence Br__Cyanobacteriota__UR50_A0A252D874 contains not enough characters (247)
ERROR: Sequence Br__Cryptomonadales__UR50_A0A7S1DWA7 contains not enough characters (258)
ERROR: Sequence Br__Halohasta__UR50_UPI0020A34ABF contains not enough characters (257)
ERROR: Sequence Br__unclassified__UR50_A0A2R6GG49 contains not enough characters (253)
ERROR: Sequence Br__Haloarculaceae__UR50_A0A3P3RCT8 contains not enough characters (253)
ERROR: Sequence Br__Halobacteriales__UR50_A0A2R6JL35 contains not enough characters (252)
ERROR: Sequence Br__Tetraselmis__UR50_A0A061RSZ0 contains not enough characters (252)
ERROR: Sequence Br__Haloplanus__UR50_A0A6B9F3Z3 contains not enough characters (249)
ERROR: Sequence Br__Truepera__UR50_A0A6J4UQD4 contains not enough characters (245)
ERROR: Sequence Br__Halorutilus__UR50_A0A9Q4C304 contains not enough characters (249)
ERROR: Sequence Br__Hemiselmis__UR50_A0A6T8IZ18 contains not enough characters (248)
ERROR: Sequence Br__Rubricoccaceae__UR50_A0A271IU12 contains not enough characters (245)
ERROR: Sequence Br__Haloquadratum__UR50_Q18DH5 contains not enough characters (246)
ERROR: Sequence Br__Halobacteria__UR50_U1R2U7 contains not enough characters (246)
ERROR: Sequence Br__Deinococcus__UR50_UPI00220D8E58 contains not enough characters (245)
ERROR: Sequence Br__cellular__UR50_A0A7R9U5N0 contains not enough characters (244)
ERROR: Sequence Br__Cyanobacteriota__UR50_A0A9X9ZA75 contains not enough characters (234)
ERROR: Sequence Br__Rubrobacteraceae__UR50_Q1AUE6 contains not enough characters (239)
ERROR: Sequence Br__Tetraselmis__UR50_A0A061S8L7 contains not enough characters (240)
ERROR: Sequence Br__Actinomycetota__UR50_A0A938EPH0 contains not enough characters (237)
ERROR: Sequence Br__Dictyobacter__UR50_A0A402ATH3 contains not enough characters (237)
ERROR: Sequence Br__Gammaproteobacteria__UR50_A0A2R8CJ36 contains not enough characters (227)
ERROR: Sequence Br__Halovenus__UR50_A0A6B0T5F9 contains not enough characters (233)
ERROR: Sequence Br__Halorutilus__UR50_A0A9Q4C3E6 contains not enough characters (232)
ERROR: Sequence Br__Pseudanabaenaceae__UR50_A0A928YZN9 contains not enough characters (197)
ERROR: Sequence Br__Halobacterium__UR50_UPI0000110B77 contains not enough characters (196)
ERROR: Sequence Br__Hemiselmis__UR50_A0A7S0TWK7 contains not enough characters (190)
ERROR: Sequence Br__halophilic__UR50_U1R431 contains not enough characters (186)
ERROR: Sequence Br__cellular__UR50_U5TVL7 contains not enough characters (145)
ERROR: Sequence Br__cellular__UR50_U5TY47 contains not enough characters (138)
ERROR: Sequence Br__Uncultured__UR50_I1X8Q4 contains not enough characters (130)
ERROR: Sequence Br__Uncultured__UR50_I1X8N9 contains not enough characters (129)
ERROR: Sequence Br__Halobacteria__UR50_W0FWY1 contains not enough characters (129)
ERROR: Sequence Br__uncultured__UR50_D9MWK9 contains not enough characters (129)
ERROR: Sequence Br__uncultured__UR50_A0A0S1WDR5 contains not enough characters (123)
ERROR: Sequence Br__uncultured__UR50_A0A0S1WEI0 contains not enough characters (123)
ERROR: Sequence Br__Halorubrum__UR50_A0A4U7EYP1 contains not enough characters (104)
ERROR: Sequence Cyhr__Monilinia__UR50_A0A5N6KJ15 contains too many characters (470)
ERROR: Sequence Cyhr__Phialophora__UR50_A0A0D2FVJ8 contains too many characters (418)
ERROR: Sequence Cyhr__Alphaproteobacteria__UR50_A0A7V7TUE7 contains too many characters (337)
ERROR: Sequence Cyhr__Sphingomonas__UR50_A0A2A2SBC3 contains too many characters (332)
ERROR: Sequence Cyhr__Erysiphaceae__UR50_A0A0B1P8N0 contains not enough characters (274)
ERROR: Sequence Cyhr__Bacteria__UR50_A0A1G1STR4 contains not enough characters (234)
ERROR: Sequence Cyhr__Archaea__UR50_P69051 contains not enough characters (260)
ERROR: Sequence Cyhr__Bacteria__UR50_A0A0D8ZW42 contains not enough characters (236)
ERROR: Sequence Cyhr__Exobasidiomycetes__UR50_A0A316VHF9 contains not enough characters (289)
ERROR: Sequence Cyhr__viral__UR50_A0A6C0APG5 contains not enough characters (280)
ERROR: Sequence Cyhr__Halobacteria__UR50_Q53496 contains not enough characters (255)
ERROR: Sequence Cyhr__Ktedonobacterales__UR50_D6U1J0 contains not enough characters (242)
ERROR: Sequence Cyhr__Terrabacteria__UR50_A0A0P7YZ09 contains not enough characters (244)
ERROR: Sequence Cyhr__Archaea__UR50_P94854 contains not enough characters (250)
ERROR: Sequence Cyhr__Taphrinales__UR50_R4XKS9 contains not enough characters (270)
ERROR: Sequence Cyhr__Cryptophyceae__UR50_L1JTW1 contains not enough characters (262)
ERROR: Sequence Cyhr__Archaea__UR50_P02945 contains not enough characters (262)
ERROR: Sequence Cyhr__Alphaproteobacteria__UR50_A0A5B2VFD4 contains not enough characters (263)
ERROR: Sequence Cyhr__Halobacteria__UR50_A0A125T1B2 contains not enough characters (256)
ERROR: Sequence Cyhr__Halobacteriales__UR50_A0A2R6DJW3 contains not enough characters (262)
ERROR: Sequence Cyhr__root__UR50_A0A938EDB5 contains not enough characters (238)
ERROR: Sequence Cyhr__Sphingomonas__UR50_UPI0015775044 contains not enough characters (260)
ERROR: Sequence Cyhr__Cyanobacteriota__UR50_A0A2W4UKV5 contains not enough characters (259)
ERROR: Sequence Cyhr__Cyanobacteriota__UR50_A0A252D874 contains not enough characters (247)
ERROR: Sequence Cyhr__Cryptomonadales__UR50_A0A7S1DWA7 contains not enough characters (258)
ERROR: Sequence Cyhr__Nodosilinea__UR50_UPI00293DA23B contains not enough characters (256)
ERROR: Sequence Cyhr__Bacteroidota__UR50_A0A1P9WTB2 contains not enough characters (255)
ERROR: Sequence Cyhr__unclassified__UR50_A0A2R6GG49 contains not enough characters (253)
ERROR: Sequence Cyhr__Bacteria__UR50_A0A966QHT7 contains not enough characters (252)
ERROR: Sequence Cyhr__Truepera__UR50_A0A6J4UQD4 contains not enough characters (245)
ERROR: Sequence Cyhr__Halorutilus__UR50_A0A9Q4C304 contains not enough characters (249)
ERROR: Sequence Cyhr__Halobacteria__UR50_P42196 contains not enough characters (239)
ERROR: Sequence Cyhr__Haloplanus__UR50_A0A6B9FAL0 contains not enough characters (246)
ERROR: Sequence Cyhr__Halobellus__UR50_A0A498G7H5 contains not enough characters (247)
ERROR: Sequence Cyhr__Gloeobacterales__UR50_A0A925XUD8 contains not enough characters (247)
ERROR: Sequence Cyhr__Rubricoccaceae__UR50_A0A271IU12 contains not enough characters (245)
ERROR: Sequence Cyhr__Haloquadratum__UR50_Q18DH5 contains not enough characters (246)
ERROR: Sequence Cyhr__Halobacteria__UR50_U1R2U7 contains not enough characters (246)
ERROR: Sequence Cyhr__Halohasta__UR50_A0A1H6WB68 contains not enough characters (246)
ERROR: Sequence Cyhr__Haloferacales__UR50_U1P7Y5 contains not enough characters (244)
ERROR: Sequence Cyhr__Deinococcus__UR50_UPI00220D8E58 contains not enough characters (245)
ERROR: Sequence Cyhr__Halobacteria__UR50_A0A6G3ZG40 contains not enough characters (243)
ERROR: Sequence Cyhr__Cyanobacteriota__UR50_A0A9X9ZA75 contains not enough characters (234)
ERROR: Sequence Cyhr__Rubrobacteraceae__UR50_Q1AUE6 contains not enough characters (239)
ERROR: Sequence Cyhr__Bacteria__UR50_A0A072NB13 contains not enough characters (241)
ERROR: Sequence Cyhr__Tetraselmis__UR50_A0A061S8L7 contains not enough characters (240)
ERROR: Sequence Cyhr__Actinomycetota__UR50_A0A938EPH0 contains not enough characters (237)
ERROR: Sequence Cyhr__Lichenibacterium__UR50_A0A4Q2RG75 contains not enough characters (237)
ERROR: Sequence Cyhr__Dictyobacter__UR50_A0A402ATH3 contains not enough characters (237)
ERROR: Sequence Cyhr__Gammaproteobacteria__UR50_A0A2R8CJ36 contains not enough characters (227)
ERROR: Sequence Cyhr__Alphaproteobacteria__UR50_A0A0P0YG33 contains not enough characters (236)
ERROR: Sequence Cyhr__Halovenus__UR50_A0A6B0T5F9 contains not enough characters (233)
ERROR: Sequence Cyhr__unclassified__UR50_A0A2H2Y0M0 contains not enough characters (233)
ERROR: Sequence Cyhr__Halorutilus__UR50_A0A9Q4C3E6 contains not enough characters (232)
ERROR: Sequence Cyhr__Pseudanabaenaceae__UR50_A0A928YZN9 contains not enough characters (197)
ERROR: Sequence Cyhr__Halobacterium__UR50_UPI0000110B77 contains not enough characters (196)
ERROR: Sequence Cyhr__halophilic__UR50_U1R431 contains not enough characters (186)
ERROR: Sequence Cyhr__Oculatella__UR50_A0A8J6T594 contains not enough characters (183)
ERROR: Sequence Cyhr__Bacteria__UR50_A0A7Y3TUC4 contains not enough characters (134)
ERROR: Sequence Cyhr__Actinomycetota__UR50_A0A9D8D7T8 contains not enough characters (148)
ERROR: Sequence Cyhr__Nostocales__UR50_UPI00192D4A90 contains not enough characters (126)
ERROR: Sequence Cyhr__Bacteria__UR50_A0A7Y3TU60 contains not enough characters (112)
ERROR: Sequence Cyhr__Cyanophyceae__UR50_A0A139X2U3 contains not enough characters (68)
ERROR: Sequence Cyr__Stachybotrys__UR50_A0A084B629 contains too many characters (798)
ERROR: Sequence Cyr__Xylaria__UR50_A0A553HJD1 contains too many characters (640)
ERROR: Sequence Cyr__Aureobasidium__UR50_A0A4T0DVF0 contains too many characters (552)
ERROR: Sequence Cyr__Monilinia__UR50_A0A5N6KJ15 contains too many characters (470)
ERROR: Sequence Cyr__Phialophora__UR50_A0A0D2FVJ8 contains too many characters (418)
ERROR: Sequence Cyr__leotiomyceta__UR50_A0A6A6BBW8 contains too many characters (321)
ERROR: Sequence Cyr__Vitrella__UR50_A0A0G4FEK1 contains too many characters (369)
ERROR: Sequence Cyr__Trebouxiophyceae__UR50_I0YUS5 contains too many characters (304)
ERROR: Sequence Cyr__Alphaproteobacteria__UR50_A0A7V7TUE7 contains too many characters (337)
ERROR: Sequence Cyr__Sphingomonas__UR50_A0A2A2SBC3 contains too many characters (332)
ERROR: Sequence Cyr__Mixia__UR50_G7DX39 contains too many characters (323)
ERROR: Sequence Cyr__Erysiphaceae__UR50_A0A0B1P8N0 contains not enough characters (274)
ERROR: Sequence Cyr__Dothideomycetes__UR50_N1Q8M8 contains too many characters (299)
ERROR: Sequence Cyr__Pleosporomycetidae__UR50_A0A1Y1YWQ8 contains too many characters (301)
ERROR: Sequence Cyr__Cryptophyceae__UR50_A0A6T8GGP0 contains not enough characters (290)
ERROR: Sequence Cyr__Archaea__UR50_P69051 contains not enough characters (260)
ERROR: Sequence Cyr__Bacteria__UR50_A0A0D8ZW42 contains not enough characters (236)
ERROR: Sequence Cyr__Pucciniales__UR50_F4S3M3 contains not enough characters (287)
ERROR: Sequence Cyr__Alphaproteobacteria__UR50_A0A502GBB7 contains not enough characters (268)
ERROR: Sequence Cyr__Halobacteria__UR50_Q53496 contains not enough characters (255)
ERROR: Sequence Cyr__Ktedonobacterales__UR50_D6U1J0 contains not enough characters (242)
ERROR: Sequence Cyr__Archaea__UR50_P94854 contains not enough characters (250)
ERROR: Sequence Cyr__Taphrinales__UR50_R4XKS9 contains not enough characters (270)
ERROR: Sequence Cyr__Klebsormidium__UR50_A0A1Y1HL70 contains not enough characters (272)
ERROR: Sequence Cyr__Cryptophyceae__UR50_L1JTW1 contains not enough characters (262)
ERROR: Sequence Cyr__Archaea__UR50_P02945 contains not enough characters (262)
ERROR: Sequence Cyr__Rubrobacter__UR50_UPI0009FD7C88 contains not enough characters (265)
ERROR: Sequence Cyr__Alphaproteobacteria__UR50_A0A5B2VFD4 contains not enough characters (263)
ERROR: Sequence Cyr__Halobacteria__UR50_A0A125T1B2 contains not enough characters (256)
ERROR: Sequence Cyr__Halobacteriales__UR50_A0A2R6DJW3 contains not enough characters (262)
ERROR: Sequence Cyr__Cyanobacteriota__UR50_A0A2W4UKV5 contains not enough characters (259)
ERROR: Sequence Cyr__Cyanobacteriota__UR50_A0A252D874 contains not enough characters (247)
ERROR: Sequence Cyr__Cryptomonadales__UR50_A0A7S1DWA7 contains not enough characters (258)
ERROR: Sequence Cyr__Nodosilinea__UR50_UPI00293DA23B contains not enough characters (256)
ERROR: Sequence Cyr__Cryptophyceae__UR50_L1J8F1 contains not enough characters (242)
ERROR: Sequence Cyr__Bacteria__UR50_A0A966QHT7 contains not enough characters (252)
ERROR: Sequence Cyr__Haloplanus__UR50_A0A6B9F3Z3 contains not enough characters (249)
ERROR: Sequence Cyr__Truepera__UR50_A0A6J4UQD4 contains not enough characters (245)
ERROR: Sequence Cyr__Halorutilus__UR50_A0A9Q4C304 contains not enough characters (249)
ERROR: Sequence Cyr__Halobacteria__UR50_P42196 contains not enough characters (239)
ERROR: Sequence Cyr__Hemiselmis__UR50_A0A6T8IZ18 contains not enough characters (248)
ERROR: Sequence Cyr__Gloeobacterales__UR50_A0A925XUD8 contains not enough characters (247)
ERROR: Sequence Cyr__Terrabacteria__UR50_A0A1L3MLR8 contains not enough characters (230)
ERROR: Sequence Cyr__Rubricoccaceae__UR50_A0A271IU12 contains not enough characters (245)
ERROR: Sequence Cyr__Haloquadratum__UR50_Q18DH5 contains not enough characters (246)
ERROR: Sequence Cyr__Halobacteria__UR50_U1R2U7 contains not enough characters (246)
ERROR: Sequence Cyr__Deinococcus__UR50_UPI00220D8E58 contains not enough characters (245)
ERROR: Sequence Cyr__Candidatus__UR50_A0A924HUX2 contains not enough characters (244)
ERROR: Sequence Cyr__Bacteroidota/Chlorobiota__UR50_A0A259U1H3 contains not enough characters (233)
ERROR: Sequence Cyr__Halobacteria__UR50_A0A6G3ZG40 contains not enough characters (243)
ERROR: Sequence Cyr__Candidatus__UR50_A0A924E4Y5 contains not enough characters (243)
ERROR: Sequence Cyr__Cyanobacteriota__UR50_A0A9X9ZA75 contains not enough characters (234)
ERROR: Sequence Cyr__Rubrobacteraceae__UR50_Q1AUE6 contains not enough characters (239)
ERROR: Sequence Cyr__Tetraselmis__UR50_A0A061S8L7 contains not enough characters (240)
ERROR: Sequence Cyr__Candidatus__UR50_A0A924CI60 contains not enough characters (240)
ERROR: Sequence Cyr__Halapricum__UR50_A0A897NL32 contains not enough characters (237)
ERROR: Sequence Cyr__Actinomycetota__UR50_A0A938EPH0 contains not enough characters (237)
ERROR: Sequence Cyr__Lichenibacterium__UR50_A0A4Q2RG75 contains not enough characters (237)
ERROR: Sequence Cyr__Dictyobacter__UR50_A0A402ATH3 contains not enough characters (237)
ERROR: Sequence Cyr__Gammaproteobacteria__UR50_A0A2R8CJ36 contains not enough characters (227)
ERROR: Sequence Cyr__Bacillota__UR50_A0A6I0FE40 contains not enough characters (232)
ERROR: Sequence Cyr__unclassified__UR50_A0A2H2Y0M0 contains not enough characters (233)
ERROR: Sequence Cyr__Halorutilus__UR50_A0A9Q4C3E6 contains not enough characters (232)
ERROR: Sequence Cyr__Pseudanabaenaceae__UR50_A0A928YZN9 contains not enough characters (197)
ERROR: Sequence Cyr__Terrabacteria__UR50_A0A3R9M9T5 contains not enough characters (173)
ERROR: Sequence Cyr__Halobacterium__UR50_UPI0000110B77 contains not enough characters (196)
ERROR: Sequence Cyr__halophilic__UR50_U1R431 contains not enough characters (186)
ERROR: Sequence Cyr__Oculatella__UR50_A0A8J6T594 contains not enough characters (183)
ERROR: Sequence Cyr__Truepera__UR50_D7CXV3 contains not enough characters (174)
ERROR: Sequence Cyr__cellular__UR50_U5TVL7 contains not enough characters (145)
ERROR: Sequence Cyr__Actinomycetota__UR50_A0A9D8D7T8 contains not enough characters (148)
ERROR: Sequence Cyr__cellular__UR50_U5TY47 contains not enough characters (138)
ERROR: Sequence Pr__Amoebophrya__UR50_A0A8J2EIM1 contains too many characters (1066)
ERROR: Sequence Pr__Amoebophrya__UR50_A0A8J2BIV1 contains too many characters (726)
ERROR: Sequence Pr__Amoebophrya__UR50_A0A8J2AJI1 contains too many characters (586)
ERROR: Sequence Pr__Amoebophrya__UR50_A0A8J2FIQ1 contains too many characters (576)
ERROR: Sequence Pr__Amoebophrya__UR50_A0A8J2B494 contains too many characters (569)
ERROR: Sequence Pr__Amoebophrya__UR50_A0A8J2B126 contains too many characters (503)
ERROR: Sequence Pr__Amoebophrya__UR50_A0A8J1ZYC7 contains too many characters (450)
ERROR: Sequence Pr__unclassified__UR50_A0A8J2F610 contains too many characters (398)
ERROR: Sequence Pr__Amoebophrya__UR50_A0A8J2AET9 contains too many characters (345)
ERROR: Sequence Pr__unclassified__UR50_A0A8J2AJK3 contains not enough characters (290)
ERROR: Sequence Pr__root__UR50_Q6J4G7 contains not enough characters (250)
ERROR: Sequence Pr__root__UR50_A0A2D9XFY8 contains not enough characters (258)
ERROR: Sequence Pr__PVC__UR50_A0A2A2Q7A6 contains too many characters (300)
ERROR: Sequence Pr__Amoebophrya__UR50_A0A8J2BL17 contains not enough characters (293)
ERROR: Sequence Pr__root__UR50_A0A1L2YWB0 contains not enough characters (250)
ERROR: Sequence Pr__root__UR50_A0A2E3ZFL2 contains not enough characters (271)
ERROR: Sequence Pr__Bacillales__UR50_B1YFV8 contains not enough characters (252)
ERROR: Sequence Pr__Verrucomicrobiota__UR50_A0A355S5S5 contains not enough characters (244)
ERROR: Sequence Pr__root__UR50_A0A0R2UEA1 contains not enough characters (248)
ERROR: Sequence Pr__root__UR50_A0A916YX99 contains not enough characters (250)
ERROR: Sequence Pr__Hymenobacter__UR50_A0A4Z0PQC2 contains not enough characters (266)
ERROR: Sequence Pr__root__UR50_C0KTK1 contains not enough characters (246)
ERROR: Sequence Pr__root__UR50_Q9AFF7 contains not enough characters (251)
ERROR: Sequence Pr__root__UR50_A0A2E9L3M5 contains not enough characters (255)
ERROR: Sequence Pr__Gammaproteobacteria__UR50_A0A2D7BW64 contains not enough characters (253)
ERROR: Sequence Pr__root__UR50_A0A1Z9SCU5 contains not enough characters (243)
ERROR: Sequence Pr__Alphaproteobacteria__UR50_A0A2S6S8D0 contains not enough characters (246)
ERROR: Sequence Pr__root__UR50_A0A093W7X4 contains not enough characters (229)
ERROR: Sequence Pr__root__UR50_A0A2E5KJU8 contains not enough characters (231)
ERROR: Sequence Pr__root__UR50_A0A920FU87 contains not enough characters (190)
ERROR: Sequence Pr__Pseudomonadota__UR50_A0A5J6N178 contains not enough characters (233)
ERROR: Sequence Pr__Dehalococcoidia__UR50_A0A2E4TFN6 contains not enough characters (230)
ERROR: Sequence Pr__Candidatus__UR50_A0A328QTJ8 contains not enough characters (228)
ERROR: Sequence Pr__root__UR50_A0A1Z9VEM7 contains not enough characters (223)
ERROR: Sequence Pr__root__UR50_A0A2D5G8E2 contains not enough characters (168)
ERROR: Sequence Pr__root__UR50_A0A2E9IIC4 contains not enough characters (205)
ERROR: Sequence Pr__Bacteroidota__UR50_A0A3B8TP96 contains not enough characters (205)
ERROR: Sequence Pr__root__UR50_B7S3I0 contains not enough characters (179)
ERROR: Sequence Pr__root__UR50_A0A1Z9IZG4 contains not enough characters (202)
ERROR: Sequence Pr__Bacteroidota__UR50_A0A923YXG2 contains not enough characters (195)
ERROR: Sequence Pr__Flavobacteriales__UR50_A0A2E1W4H2 contains not enough characters (198)
ERROR: Sequence Pr__root__UR50_A0A1L2YW38 contains not enough characters (192)
ERROR: Sequence Pr__root__UR50_A0A1L2YW73 contains not enough characters (160)
ERROR: Sequence Pr__root__UR50_A8QLQ3 contains not enough characters (163)
ERROR: Sequence Pr__root__UR50_A0A2E1TKR7 contains not enough characters (138)
ERROR: Sequence Pr__Bacteria__UR50_A1YC49 contains not enough characters (161)
ERROR: Sequence Pr__Verrucomicrobiales__UR50_A0A2E2HQ20 contains not enough characters (158)
ERROR: Sequence Pr__root__UR50_A0A2D7UAZ4 contains not enough characters (133)
ERROR: Sequence Pr__Bacteria__UR50_A0A944STQ0 contains not enough characters (120)
ERROR: Sequence Pr__root__UR50_A0A2D6ZW67 contains not enough characters (86)
ERROR: Sequence Xer__Alphaproteobacteria__UR50_A0A7V7TUE7 contains too many characters (337)
ERROR: Sequence Xer__Sphingomonas__UR50_A0A2A2SBC3 contains too many characters (332)
ERROR: Sequence Xer__Methylobacteriaceae__UR50_A0A0C6F7V1 contains not enough characters (252)
ERROR: Sequence Xer__Pseudomonadota__UR50_A0A0Q4L756 contains not enough characters (237)
ERROR: Sequence Xer__Bacteria__UR50_A0A1G1STR4 contains not enough characters (234)
ERROR: Sequence Xer__Archaea__UR50_P69051 contains not enough characters (260)
ERROR: Sequence Xer__Bacteria__UR50_A0A0D8ZW42 contains not enough characters (236)
ERROR: Sequence Xer__Actinomycetes__UR50_A0A1H6XB79 contains not enough characters (234)
ERROR: Sequence Xer__Alphaproteobacteria__UR50_A0A502GBB7 contains not enough characters (268)
ERROR: Sequence Xer__Halobacteria__UR50_Q53496 contains not enough characters (255)
ERROR: Sequence Xer__Terrabacteria__UR50_A0A0P7YZ09 contains not enough characters (244)
ERROR: Sequence Xer__Hyphomicrobiales__UR50_A0A4Q2U3N5 contains not enough characters (276)
ERROR: Sequence Xer__Archaea__UR50_P94854 contains not enough characters (250)
ERROR: Sequence Xer__Rubrobacter__UR50_UPI0009FD7C88 contains not enough characters (265)
ERROR: Sequence Xer__Alphaproteobacteria__UR50_A0A5B2VFD4 contains not enough characters (263)
ERROR: Sequence Xer__Halobacteriales__UR50_A0A2R6DJW3 contains not enough characters (262)
ERROR: Sequence Xer__root__UR50_A0A938EDB5 contains not enough characters (238)
ERROR: Sequence Xer__Sphingomonas__UR50_UPI0015775044 contains not enough characters (260)
ERROR: Sequence Xer__Cyanobacteriota__UR50_A0A252D874 contains not enough characters (247)
ERROR: Sequence Xer__Bacteroidota__UR50_A0A1P9WTB2 contains not enough characters (255)
ERROR: Sequence Xer__Bacteria__UR50_A0A271IX38 contains not enough characters (222)
ERROR: Sequence Xer__Bacteria__UR50_A0A966QHT7 contains not enough characters (252)
ERROR: Sequence Xer__Truepera__UR50_A0A6J4UQD4 contains not enough characters (245)
ERROR: Sequence Xer__Micromonosporaceae__UR50_A0A1Q4ZQH2 contains not enough characters (232)
ERROR: Sequence Xer__Gloeobacterales__UR50_A0A925XUD8 contains not enough characters (247)
ERROR: Sequence Xer__Terrabacteria__UR50_A0A1L3MLR8 contains not enough characters (230)
ERROR: Sequence Xer__Halobacteria__UR50_U1R2U7 contains not enough characters (246)
ERROR: Sequence Xer__Deinococcus__UR50_UPI00220D8E58 contains not enough characters (245)
ERROR: Sequence Xer__Candidatus__UR50_A0A924HUX2 contains not enough characters (244)
ERROR: Sequence Xer__Bacteroidota/Chlorobiota__UR50_A0A259U1H3 contains not enough characters (233)
ERROR: Sequence Xer__Halobacteria__UR50_A0A6G3ZG40 contains not enough characters (243)
ERROR: Sequence Xer__Candidatus__UR50_A0A924E4Y5 contains not enough characters (243)
ERROR: Sequence Xer__Rubrobacteraceae__UR50_Q1AUE6 contains not enough characters (239)
ERROR: Sequence Xer__Bacteria__UR50_A0A072NB13 contains not enough characters (241)
ERROR: Sequence Xer__Gonapodya__UR50_A0A139AI58 contains not enough characters (240)
ERROR: Sequence Xer__Actinomycetota__UR50_A0A938EPH0 contains not enough characters (237)
ERROR: Sequence Xer__Lichenibacterium__UR50_A0A4Q2RG75 contains not enough characters (237)
ERROR: Sequence Xer__Dictyobacter__UR50_A0A402ATH3 contains not enough characters (237)
ERROR: Sequence Xer__Paeniclostridium__UR50_A0A0C7PQA0 contains not enough characters (235)
ERROR: Sequence Xer__Bacillota__UR50_A0A6I0FE40 contains not enough characters (232)
ERROR: Sequence Xer__unclassified__UR50_A0A2H2Y0M0 contains not enough characters (233)
ERROR: Sequence Xer__Cyanothece__UR50_B8HWV7 contains not enough characters (233)
ERROR: Sequence Xer__Terrabacteria__UR50_A0A3R9M9T5 contains not enough characters (173)
ERROR: Sequence Xer__Oculatella__UR50_A0A8J6T594 contains not enough characters (183)
ERROR: Sequence Xer__Bacteria__UR50_A0A519SK79 contains not enough characters (179)
ERROR: Sequence Xer__Truepera__UR50_D7CXV3 contains not enough characters (174)
ERROR: Sequence Xer__Hymenobacter__UR50_A0A7H0GW45 contains not enough characters (144)
ERROR: Sequence Xer__Fischerella__UR50_UPI0025C16FD1 contains not enough characters (133)
ERROR: Sequence Xer__Deinococcus__UR50_UPI00146FA852 contains not enough characters (132)
ERROR: Sequence Xer__Pontibacter__UR50_A0A923N570 contains not enough characters (128)
ERROR: Sequence Xlr__root__UR50_A0A1E8CRE3 contains not enough characters (286)
ERROR: Sequence Xlr__root__UR50_A0A4P5SJD2 contains not enough characters (275)
ERROR: Sequence Xlr__root__UR50_A0A3G9A0S2 contains not enough characters (271)
ERROR: Sequence Xlr__Micrococcales__UR50_A0A1R3VVE3 contains not enough characters (266)
ERROR: Sequence Xlr__Deinococcus__UR50_A0A172T7E0 contains not enough characters (272)
ERROR: Sequence Xlr__root__UR50_E8QX23 contains too many characters (308)
ERROR: Sequence Xlr__Terrabacteria__UR50_A0A8J7JWR5 contains too many characters (306)
ERROR: Sequence Xlr__root__UR50_A0A6J7BKN6 contains too many characters (305)
ERROR: Sequence Xlr__root__UR50_A0A7G8WQ84 contains not enough characters (283)
ERROR: Sequence Xlr__Terrabacteria__UR50_A0A2W7ARY7 contains not enough characters (297)
ERROR: Sequence Xlr__Bacteria__UR50_A0A1L2YW04 contains not enough characters (252)
ERROR: Sequence Xlr__root__UR50_A0A8T6QQF4 contains not enough characters (281)
ERROR: Sequence Xlr__unclassified__UR50_A0A2T2UZL0 contains not enough characters (291)
ERROR: Sequence Xlr__cellular__UR50_A0A7S2RIV1 contains not enough characters (252)
ERROR: Sequence Xlr__cellular__UR50_A0A813J0W5 contains not enough characters (277)
ERROR: Sequence Xlr__Gammaproteobacteria__UR50_UPI00190F65E4 contains not enough characters (282)
ERROR: Sequence Xlr__Actinomycetes__UR50_A0A6J4KT46 contains not enough characters (281)
ERROR: Sequence Xlr__Bacteria__UR50_A0A3L7VYY9 contains not enough characters (256)
ERROR: Sequence Xlr__Bacteria__UR50_A0A2E7UR14 contains not enough characters (262)
ERROR: Sequence Xlr__root__UR50_A0A0R2R0Q7 contains not enough characters (238)
ERROR: Sequence Xlr__Pseudomonadota__UR50_A3JEZ3 contains not enough characters (274)
ERROR: Sequence Xlr__Planctomycetaceae__UR50_A0A2E7EFI9 contains not enough characters (275)
ERROR: Sequence Xlr__Bacteria__UR50_A0A958E829 contains not enough characters (275)
ERROR: Sequence Xlr__Deinococcus__UR50_A0A7X1NVD0 contains not enough characters (274)
ERROR: Sequence Xlr__Deinococcus__UR50_UPI0025F3DD2E contains not enough characters (274)
ERROR: Sequence Xlr__Bellilinea__UR50_A0A0P6XBM7 contains not enough characters (269)
ERROR: Sequence Xlr__root__UR50_A0A6I3GA03 contains not enough characters (257)
ERROR: Sequence Xlr__Bacteria__UR50_A0A2E3NLK8 contains not enough characters (264)
ERROR: Sequence Xlr__Actinomycetota__UR50_A0A3M0G769 contains not enough characters (262)
ERROR: Sequence Xlr__root__UR50_A0A6I2ZCL4 contains not enough characters (235)
ERROR: Sequence Xlr__Bacteria__UR50_A0A1L2YWA8 contains not enough characters (213)
ERROR: Sequence Xlr__Chloroflexota__UR50_A0A3L7YRV8 contains not enough characters (246)
ERROR: Sequence Xlr__Bacteria__UR50_A0A9E1QVR0 contains not enough characters (212)
ERROR: Sequence Xlr__Actinobacteria__UR50_A0A0J0YNF8 contains not enough characters (235)
ERROR: Sequence Xlr__Terrabacteria__UR50_A0A2P8WHZ5 contains not enough characters (220)
ERROR: Sequence Xlr__Sar__UR50_A0A813H5L3 contains not enough characters (212)
ERROR: Sequence Xlr__uncultured__UR50_A0A6J4S2K6 contains not enough characters (218)
ERROR: Sequence Xlr__Dinophyceae__UR50_A0A7S4GN37 contains not enough characters (209)
ERROR: Sequence Xlr__uncultured__UR50_UPI0028E77A7F contains not enough characters (205)
ERROR: Sequence Xlr__Bacteria__UR50_A0A6L6E9R4 contains not enough characters (200)
ERROR: Sequence Xlr__Microbacterium__UR50_UPI001E4742A9 contains not enough characters (199)
ERROR: Sequence Xlr__root__UR50_A0A923YTK2 contains not enough characters (168)
ERROR: Sequence Xlr__Balneola__UR50_A0A2D7AG78 contains not enough characters (191)
ERROR: Sequence Xlr__Phototrophicales__UR50_A0A2M8NK29 contains not enough characters (188)
ERROR: Sequence Xlr__root__UR50_A0A6J7E014 contains not enough characters (185)
ERROR: Sequence Xlr__Actinomycetota__UR50_A0A7K0YYK2 contains not enough characters (181)
ERROR: Sequence Xlr__root__UR50_A0A7K1AQL8 contains not enough characters (141)
ERROR: Sequence Xlr__root__UR50_A0A9D7FV15 contains not enough characters (165)
ERROR: Sequence Xlr__root__UR50_A0A6I2VA48 contains not enough characters (159)
ERROR: Sequence Br__Halomarina__UniRef90_UPI0026F40B8B contains not enough characters (274)
ERROR: Sequence Br__Halobacterium__UniRef90_P02945 contains not enough characters (262)
ERROR: Sequence Br__Halobacteria__UniRef90_G0LFX8 contains not enough characters (254)
ERROR: Sequence Br__Halobacteriales__UniRef90_A0A2R6JS63 contains not enough characters (265)
ERROR: Sequence Br__Halobacteriales__UniRef90_A0A2R6J274 contains not enough characters (264)
ERROR: Sequence Br__unclassified__UniRef90_A0A2R6LDY7 contains not enough characters (264)
ERROR: Sequence Br__Halobacteriales__UniRef90_A0A2R6LT28 contains not enough characters (263)
ERROR: Sequence Br__Halohasta__UniRef90_UPI002110EEC8 contains not enough characters (263)
ERROR: Sequence Br__unclassified__UniRef90_A0A2R6GPV3 contains not enough characters (262)
ERROR: Sequence Br__Halobacterium__UniRef90_UPI001F011AB0 contains not enough characters (262)
ERROR: Sequence Br__Halorientalis__UniRef90_UPI001FF6B2B9 contains not enough characters (262)
ERROR: Sequence Br__Halobacteria__UniRef90_P29563 contains not enough characters (259)
ERROR: Sequence Br__Halobacteriales__UniRef90_A0A2R6LKP5 contains not enough characters (261)
ERROR: Sequence Br__Halobacteria__UniRef90_P69051 contains not enough characters (260)
ERROR: Sequence Br__Archaea__UniRef90_V4ZQH6 contains not enough characters (260)
ERROR: Sequence Br__Uncultured__UniRef90_I1X958 contains not enough characters (259)
ERROR: Sequence Br__unclassified__UniRef90_A0A4U7F7H9 contains not enough characters (258)
ERROR: Sequence Br__Halorientalis__UniRef90_A0A1G7RA78 contains not enough characters (258)
ERROR: Sequence Br__unclassified__UniRef90_A0A256HWP6 contains not enough characters (258)
ERROR: Sequence Br__Halorubrum__UniRef90_A0A3Q9EA60 contains not enough characters (258)
ERROR: Sequence Br__Natronomonas__UniRef90_M1Y5I7 contains not enough characters (258)
ERROR: Sequence Br__Halobacteriales__UniRef90_P94854 contains not enough characters (250)
ERROR: Sequence Br__Halorubrum__UniRef90_UPI0021111C71 contains not enough characters (258)
ERROR: Sequence Br__Halobacteriales__UniRef90_A7U0U1 contains not enough characters (256)
ERROR: Sequence Br__Halobellus__UniRef90_A0A7J9SID8 contains not enough characters (256)
ERROR: Sequence Br__Haloplanus__UniRef90_A0A6B9F3P5 contains not enough characters (256)
ERROR: Sequence Br__Halobacteriales__UniRef90_A0A2R6HQ15 contains not enough characters (256)
ERROR: Sequence Br__uncultured__UniRef90_V4Y792 contains not enough characters (256)
ERROR: Sequence Br__Haloplanus__UniRef90_UPI000A5CE34D contains not enough characters (256)
ERROR: Sequence Br__Salinirubrum__UniRef90_UPI001D07B5FE contains not enough characters (254)
ERROR: Sequence Br__Natronomonas__UniRef90_UPI0020C975B2 contains not enough characters (254)
ERROR: Sequence Br__Halobacteriales__UniRef90_A0A2R6GSY0 contains not enough characters (250)
ERROR: Sequence Br__Haloarchaeobius__UniRef90_UPI00226DF6EF contains not enough characters (248)
ERROR: Sequence Br__Natrialbaceae__UniRef90_M0CK77 contains not enough characters (241)
ERROR: Sequence Br__Natronobeatus__UniRef90_UPI0020CDB3FE contains not enough characters (246)
ERROR: Sequence Br__Halorientalis__UniRef90_A0A1G7PUC9 contains not enough characters (245)
ERROR: Sequence Br__Salinigranum__UniRef90_A0A2I8VEZ7 contains not enough characters (244)
ERROR: Sequence Br__Halomarina__UniRef90_UPI0020327DF1 contains not enough characters (244)
ERROR: Sequence Br__Halobacteriales__UniRef90_A0A2R6KGD7 contains not enough characters (243)
ERROR: Sequence Br__Halorientalis__UniRef90_UPI001FF6C9D7 contains not enough characters (243)
ERROR: Sequence Br__Halobium__UniRef90_UPI002271B22C contains not enough characters (243)
ERROR: Sequence Br__Halostella__UniRef90_UPI000EF8332C contains not enough characters (243)
ERROR: Sequence Br__Halolamina__UniRef90_UPI0022715CDC contains not enough characters (243)
ERROR: Sequence Br__Halogranum__UniRef90_A0A1H8RSA7 contains not enough characters (241)
ERROR: Sequence Br__Salinilacihabitans__UniRef90_UPI0021140345 contains not enough characters (241)
ERROR: Sequence Br__Halegenticoccus__UniRef90_UPI00100C2973 contains not enough characters (241)
ERROR: Sequence Br__Halobiforma__UniRef90_A0A1I1DPA8 contains not enough characters (240)
ERROR: Sequence Br__Natrarchaeobaculum__UniRef90_A0A346PUS3 contains not enough characters (240)
ERROR: Sequence Br__Halobaculum__UniRef90_UPI001EFEF83C contains not enough characters (229)
ERROR: Sequence Br__Halobacterium__UniRef90_UPI0000110B77 contains not enough characters (196)
ERROR: Sequence Cyhr__Cyanophyceae__UniRef90_K9U0A8 contains not enough characters (235)
ERROR: Sequence Cyhr__Leptolyngbya__UniRef90_A0A2W4UKV5 contains not enough characters (259)
ERROR: Sequence Cyhr__Nostocales__UniRef90_A0A252D874 contains not enough characters (247)
ERROR: Sequence Cyhr__Pseudanabaenaceae__UniRef90_A0A928V9X3 contains not enough characters (248)
ERROR: Sequence Cyhr__Phormidesmis__UniRef90_UPI0009442622 contains not enough characters (248)
ERROR: Sequence Cyhr__Tolypothrix__UniRef90_A0A8S9SVI8 contains not enough characters (247)
ERROR: Sequence Cyhr__Rubrivirga__UniRef90_UPI0028C9517B contains not enough characters (247)
ERROR: Sequence Cyhr__Pleurocapsa__UniRef90_UPI0029C671DC contains not enough characters (246)
ERROR: Sequence Cyhr__uncultured__UniRef90_A0A6J4UQD4 contains not enough characters (245)
ERROR: Sequence Cyhr__Rubricoccus__UniRef90_A0A259U296 contains not enough characters (245)
ERROR: Sequence Cyhr__Rubrivirga__UniRef90_A0A271IU12 contains not enough characters (245)
ERROR: Sequence Cyhr__Deinococcus__UniRef90_UPI00220D8E58 contains not enough characters (245)
ERROR: Sequence Cyhr__Nostocaceae__UniRef90_A0A838VMV4 contains not enough characters (244)
ERROR: Sequence Cyhr__Plectolyngbya__UniRef90_A0A951NX98 contains not enough characters (243)
ERROR: Sequence Cyhr__Halogranum__UniRef90_A0A1H8RSA7 contains not enough characters (241)
ERROR: Sequence Cyhr__Nostocales__UniRef90_A0A6I8WFQ3 contains not enough characters (241)
ERROR: Sequence Cyhr__Bacteria__UniRef90_A0A7Y3X9A8 contains not enough characters (241)
ERROR: Sequence Cyhr__Rubrivirga__UniRef90_A0A271IYE2 contains not enough characters (240)
ERROR: Sequence Cyhr__Rubrobacter__UniRef90_Q1AUE6 contains not enough characters (239)
ERROR: Sequence Cyhr__Myxosarcina__UniRef90_UPI000689B0F6 contains not enough characters (238)
ERROR: Sequence Cyhr__Actinomycetota__UniRef90_A0A938EPH0 contains not enough characters (237)
ERROR: Sequence Cyhr__Nostocales__UniRef90_A0A0C2L739 contains not enough characters (236)
ERROR: Sequence Cyhr__Cyanobacteriota__UniRef90_A0A926PME7 contains not enough characters (236)
ERROR: Sequence Cyhr__Cyanophyceae__UniRef90_A0A0S3UBN8 contains not enough characters (236)
ERROR: Sequence Cyhr__Aliterella__UniRef90_A0A0D8ZW42 contains not enough characters (236)
ERROR: Sequence Cyhr__Leptolyngbya__UniRef90_A0A0P4V0S4 contains not enough characters (236)
ERROR: Sequence Cyhr__Leptolyngbya__UniRef90_UPI000B5A185C contains not enough characters (236)
ERROR: Sequence Cyhr__Nodosilinea__UniRef90_A0A8J7EM17 contains not enough characters (235)
ERROR: Sequence Cyhr__Cyanophyceae__UniRef90_A0A2W7AEB9 contains not enough characters (235)
ERROR: Sequence Cyhr__Pseudanabaena__UniRef90_A0A926ZYX4 contains not enough characters (235)
ERROR: Sequence Cyhr__Leptolyngbya__UniRef90_A0A926ZAJ4 contains not enough characters (235)
ERROR: Sequence Cyhr__Chroococcus__UniRef90_A0A8J2TRF2 contains not enough characters (235)
ERROR: Sequence Cyhr__unclassified__UniRef90_UPI0016884D19 contains not enough characters (235)
ERROR: Sequence Cyhr__Cyanophyceae__UniRef90_A0A9X9ZA75 contains not enough characters (234)
ERROR: Sequence Cyhr__unclassified__UniRef90_A0A252DUV9 contains not enough characters (234)
ERROR: Sequence Cyhr__Leptolyngbya__UniRef90_A0A926TVT6 contains not enough characters (234)
ERROR: Sequence Cyhr__Phormidesmis__UniRef90_A0A2T1DCP3 contains not enough characters (234)
ERROR: Sequence Cyhr__Cyanobacteria__UniRef90_A0A3D1PJK7 contains not enough characters (234)
ERROR: Sequence Cyhr__Phormidesmis__UniRef90_UPI00083B4DA5 contains not enough characters (234)
ERROR: Sequence Cyhr__unclassified__UniRef90_A0A2H2Y0M0 contains not enough characters (233)
ERROR: Sequence Cyhr__Cyanothece__UniRef90_B8HQU4 contains not enough characters (233)
ERROR: Sequence Cyhr__Tolypothrix__UniRef90_A0A0C1N3L3 contains not enough characters (233)
ERROR: Sequence Cyhr__Nostoc__UniRef90_A0A235I7A6 contains not enough characters (233)
ERROR: Sequence Cyhr__Hassalia__UniRef90_A0A846HFU5 contains not enough characters (233)
ERROR: Sequence Cyhr__Microcoleus__UniRef90_A0A926U182 contains not enough characters (233)
ERROR: Sequence Cyhr__Cyanobacteria__UniRef90_A0A926PVG5 contains not enough characters (232)
ERROR: Sequence Cyhr__Leptolyngbya__UniRef90_A0A926UF78 contains not enough characters (229)
ERROR: Sequence Cyhr__Phormidium__UniRef90_A0A927EHN9 contains not enough characters (226)
ERROR: Sequence Cyhr__Chamaesiphon__UniRef90_K9UIK1 contains not enough characters (223)
ERROR: Sequence Cyhr__Leptolyngbya__UniRef90_UPI002938D558 contains not enough characters (202)
ERROR: Sequence Cyhr__Oculatella__UniRef90_A0A8J6T594 contains not enough characters (183)
ERROR: Sequence Cyhr__Bacteria__UniRef90_A0A7Y3TUC4 contains not enough characters (134)
ERROR: Sequence Cyhr__Iningainema__UniRef90_UPI00192D4A90 contains not enough characters (126)
ERROR: Sequence Cyr__Halomarina__UniRef90_UPI0026F40B8B contains not enough characters (274)
ERROR: Sequence Cyr__unclassified__UniRef90_A0A2R6K7R7 contains not enough characters (272)
ERROR: Sequence Cyr__Halobacteriales__UniRef90_A0A2R6DJW3 contains not enough characters (262)
ERROR: Sequence Cyr__Actinomycetes__UniRef90_A0A6I2VAT4 contains not enough characters (262)
ERROR: Sequence Cyr__Bacteria__UniRef90_A0A948WFJ8 contains not enough characters (262)
ERROR: Sequence Cyr__Halobacteriales__UniRef90_A0A2R6F6G8 contains not enough characters (261)
ERROR: Sequence Cyr__Mycobacteriaceae__UniRef90_A0A9E2K851 contains not enough characters (259)
ERROR: Sequence Cyr__Tolypothrix__UniRef90_A0A218QMM7 contains not enough characters (252)
ERROR: Sequence Cyr__Dictyobacter__UniRef90_A0A5J4KXN6 contains not enough characters (256)
ERROR: Sequence Cyr__unclassified__UniRef90_A0A2R6J4F0 contains not enough characters (254)
ERROR: Sequence Cyr__Nostocales__UniRef90_A0A252D874 contains not enough characters (247)
ERROR: Sequence Cyr__Halobacteria__UniRef90_A0A6B9F027 contains not enough characters (252)
ERROR: Sequence Cyr__Natrialbaceae__UniRef90_O93740 contains not enough characters (250)
ERROR: Sequence Cyr__Halobacteriales__UniRef90_A0A2R6EJH4 contains not enough characters (250)
ERROR: Sequence Cyr__Solirubrobacterales__UniRef90_A0A7V8ZIZ4 contains not enough characters (250)
ERROR: Sequence Cyr__Halorussus__UniRef90_UPI0010932F32 contains not enough characters (250)
ERROR: Sequence Cyr__Halorussus__UniRef90_UPI0023E81FAE contains not enough characters (250)
ERROR: Sequence Cyr__Haloferacales__UniRef90_A0A4U7F5Q1 contains not enough characters (248)
ERROR: Sequence Cyr__Halohasta__UniRef90_UPI0020A583B9 contains not enough characters (249)
ERROR: Sequence Cyr__Halorussus__UniRef90_UPI001FB584AA contains not enough characters (249)
ERROR: Sequence Cyr__Halobaculum__UniRef90_A0A1M5UDZ8 contains not enough characters (248)
ERROR: Sequence Cyr__Pseudanabaenaceae__UniRef90_A0A928V9X3 contains not enough characters (248)
ERROR: Sequence Cyr__Haloplanus__UniRef90_UPI0020406A55 contains not enough characters (248)
ERROR: Sequence Cyr__Haloarchaeobius__UniRef90_UPI00226DF6EF contains not enough characters (248)
ERROR: Sequence Cyr__Halorubrum__UniRef90_A0A329T627 contains not enough characters (247)
ERROR: Sequence Cyr__Phormidesmis__UniRef90_UPI0009442622 contains not enough characters (248)
ERROR: Sequence Cyr__Tolypothrix__UniRef90_A0A8S9SVI8 contains not enough characters (247)
ERROR: Sequence Cyr__Salinirubrum__UniRef90_UPI001D05D8F0 contains not enough characters (247)
ERROR: Sequence Cyr__Natrialbaceae__UniRef90_M0CK77 contains not enough characters (241)
ERROR: Sequence Cyr__Salinigranum__UniRef90_A0A2I8VP32 contains not enough characters (246)
ERROR: Sequence Cyr__Pleurocapsa__UniRef90_UPI0029C671DC contains not enough characters (246)
ERROR: Sequence Cyr__Natronobeatus__UniRef90_UPI0020CDB3FE contains not enough characters (246)
ERROR: Sequence Cyr__Halorientalis__UniRef90_UPI001FF15E48 contains not enough characters (245)
ERROR: Sequence Cyr__unclassified__UniRef90_UPI00240609FF contains not enough characters (245)
ERROR: Sequence Cyr__Deinococcus__UniRef90_UPI00220D8E58 contains not enough characters (245)
ERROR: Sequence Cyr__Halobaculum__UniRef90_UPI0024C3D685 contains not enough characters (245)
ERROR: Sequence Cyr__Salinirubellus__UniRef90_A0A9E7U421 contains not enough characters (244)
ERROR: Sequence Cyr__Salinigranum__UniRef90_A0A2I8VEZ7 contains not enough characters (244)
ERROR: Sequence Cyr__Halobacteriales__UniRef90_A0A2R6GS10 contains not enough characters (244)
ERROR: Sequence Cyr__Nostocaceae__UniRef90_A0A838VMV4 contains not enough characters (244)
ERROR: Sequence Cyr__Halomarina__UniRef90_UPI0020327DF1 contains not enough characters (244)
ERROR: Sequence Cyr__Haloferax__UniRef90_M0IDG5 contains not enough characters (243)
ERROR: Sequence Cyr__Halobacteriales__UniRef90_A0A2R6KGD7 contains not enough characters (243)
ERROR: Sequence Cyr__Halobium__UniRef90_UPI002271B22C contains not enough characters (243)
ERROR: Sequence Cyr__Halostella__UniRef90_UPI000EF8332C contains not enough characters (243)
ERROR: Sequence Cyr__Halolamina__UniRef90_UPI0022715CDC contains not enough characters (243)
ERROR: Sequence Cyr__Halobiforma__UniRef90_A0A1P8LP89 contains not enough characters (241)
ERROR: Sequence Cyr__Halogranum__UniRef90_A0A1H8RSA7 contains not enough characters (241)
ERROR: Sequence Cyr__Natrinema__UniRef90_A0A7D5GSH5 contains not enough characters (241)
ERROR: Sequence Cyr__Nostocales__UniRef90_A0A6I8WFQ3 contains not enough characters (241)
ERROR: Sequence Cyr__Salinilacihabitans__UniRef90_UPI0021140345 contains not enough characters (241)
ERROR: Sequence Cyr__Halegenticoccus__UniRef90_UPI00100C2973 contains not enough characters (241)
ERROR: Sequence Cyr__Halobiforma__UniRef90_A0A1I1DPA8 contains not enough characters (240)
ERROR: Sequence Cyr__Natrarchaeobaculum__UniRef90_A0A346PUS3 contains not enough characters (240)
ERROR: Sequence Cyr__Natribaculum__UniRef90_UPI0022466372 contains not enough characters (240)
ERROR: Sequence Cyr__Rubrobacter__UniRef90_Q1AUE6 contains not enough characters (239)
ERROR: Sequence Cyr__Haloarchaeobius__UniRef90_UPI00226E43C4 contains not enough characters (239)
ERROR: Sequence Cyr__Actinomycetota__UniRef90_A0A938EPH0 contains not enough characters (237)
ERROR: Sequence Cyr__Dictyobacter__UniRef90_A0A402ATH3 contains not enough characters (237)
ERROR: Sequence Cyr__Nostocales__UniRef90_A0A0C2L739 contains not enough characters (236)
ERROR: Sequence Cyr__Aliterella__UniRef90_A0A0D8ZW42 contains not enough characters (236)
ERROR: Sequence Cyr__Leptolyngbya__UniRef90_UPI000B5A185C contains not enough characters (236)
ERROR: Sequence Cyr__Nodosilinea__UniRef90_A0A8J7EM17 contains not enough characters (235)
ERROR: Sequence Cyr__Cyanophyceae__UniRef90_A0A2W7AEB9 contains not enough characters (235)
ERROR: Sequence Cyr__Pseudanabaena__UniRef90_A0A926ZYX4 contains not enough characters (235)
ERROR: Sequence Cyr__Leptolyngbya__UniRef90_A0A926ZAJ4 contains not enough characters (235)
ERROR: Sequence Cyr__Chroococcus__UniRef90_A0A8J2TRF2 contains not enough characters (235)
ERROR: Sequence Cyr__unclassified__UniRef90_UPI0016884D19 contains not enough characters (235)
ERROR: Sequence Cyr__Cyanophyceae__UniRef90_A0A9X9ZA75 contains not enough characters (234)
ERROR: Sequence Cyr__unclassified__UniRef90_A0A252DUV9 contains not enough characters (234)
ERROR: Sequence Cyr__Phormidesmis__UniRef90_A0A2T1DCP3 contains not enough characters (234)
ERROR: Sequence Cyr__Cyanobacteria__UniRef90_A0A2T2RN81 contains not enough characters (234)
ERROR: Sequence Cyr__Cyanobacteria__UniRef90_A0A3D1PJK7 contains not enough characters (234)
ERROR: Sequence Cyr__Phormidesmis__UniRef90_UPI00083B4DA5 contains not enough characters (234)
ERROR: Sequence Cyr__unclassified__UniRef90_A0A2H2Y0M0 contains not enough characters (233)
ERROR: Sequence Cyr__Cyanothece__UniRef90_B8HQU4 contains not enough characters (233)
ERROR: Sequence Cyr__Tolypothrix__UniRef90_A0A0C1N3L3 contains not enough characters (233)
ERROR: Sequence Cyr__Nostoc__UniRef90_A0A235I7A6 contains not enough characters (233)
ERROR: Sequence Cyr__Hassalia__UniRef90_A0A846HFU5 contains not enough characters (233)
ERROR: Sequence Cyr__Microcoleus__UniRef90_A0A926U182 contains not enough characters (233)
ERROR: Sequence Cyr__Cyanobacteria__UniRef90_A0A926PVG5 contains not enough characters (232)
ERROR: Sequence Cyr__Leptolyngbya__UniRef90_A0A926UF78 contains not enough characters (229)
ERROR: Sequence Cyr__Chamaesiphon__UniRef90_K9UIK1 contains not enough characters (223)
ERROR: Sequence Cyr__Pseudanabaenaceae__UniRef90_A0A928YZN9 contains not enough characters (197)
ERROR: Sequence Pr__Bacteria__UniRef90_A0A2E9EAN5 contains not enough characters (282)
ERROR: Sequence Pr__root__UniRef90_A0A2E8A7X9 contains not enough characters (274)
ERROR: Sequence Pr__Burkholderiales__UniRef90_A0A976DY32 contains not enough characters (269)
ERROR: Sequence Pr__Polaromonas__UniRef90_A0A924HFX7 contains not enough characters (268)
ERROR: Sequence Pr__unclassified__UniRef90_A0A258U1R2 contains not enough characters (267)
ERROR: Sequence Pr__Polaromonas__UniRef90_A0A7Y0BWA7 contains not enough characters (267)
ERROR: Sequence Pr__Polaromonas__UniRef90_A0A923W2B8 contains not enough characters (267)
ERROR: Sequence Pr__Polaromonas__UniRef90_A0A6H2HDR0 contains not enough characters (267)
ERROR: Sequence Pr__Rhodoferax__UniRef90_UPI0025D0EA5D contains not enough characters (267)
ERROR: Sequence Pr__Opitutae__UniRef90_A0A2G4HKE5 contains not enough characters (266)
ERROR: Sequence Pr__Polaromonas__UniRef90_A0A6N9REK5 contains not enough characters (265)
ERROR: Sequence Pr__Polaromonas__UniRef90_A0A924GUJ9 contains not enough characters (265)
ERROR: Sequence Pr__Polynucleobacter__UniRef90_A0A254Q1M6 contains not enough characters (264)
ERROR: Sequence Pr__Polynucleobacter__UniRef90_A0A2M8VQ78 contains not enough characters (263)
ERROR: Sequence Pr__Polynucleobacter__UniRef90_UPI001BFEBAA1 contains not enough characters (264)
ERROR: Sequence Pr__Betaproteobacteria__UniRef90_A0A6M9PKU4 contains not enough characters (263)
ERROR: Sequence Pr__root__UniRef90_V4YT71 contains not enough characters (263)
ERROR: Sequence Pr__uncultured__UniRef90_Q83TJ3 contains not enough characters (254)
ERROR: Sequence Pr__root__UniRef90_Q9AFF7 contains not enough characters (251)
ERROR: Sequence Pr__uncultured__UniRef90_Q84C21 contains not enough characters (258)
ERROR: Sequence Pr__root__UniRef90_Q4PNF2 contains not enough characters (256)
ERROR: Sequence Pr__Gammaproteobacteria__UniRef90_A0A2E1J3J0 contains not enough characters (254)
ERROR: Sequence Pr__root__UniRef90_Q6J4G7 contains not enough characters (250)
ERROR: Sequence Pr__root__UniRef90_Q6PL05 contains not enough characters (251)
ERROR: Sequence Pr__Bacteria__UniRef90_J4KSW5 contains not enough characters (251)
ERROR: Sequence Pr__uncultured__UniRef90_A0A1L2YW20 contains not enough characters (251)
ERROR: Sequence Pr__Gammaproteobacteria__UniRef90_A0A2E8KSB6 contains not enough characters (251)
ERROR: Sequence Pr__Bacteria__UniRef90_A0A1L2YWF0 contains not enough characters (250)
ERROR: Sequence Pr__root__UniRef90_A0A1L2YWB0 contains not enough characters (250)
ERROR: Sequence Pr__root__UniRef90_A0A1L2YW14 contains not enough characters (250)
ERROR: Sequence Pr__Gammaproteobacteria__UniRef90_A0A1Z9LH41 contains not enough characters (250)
ERROR: Sequence Pr__Gammaproteobacteria__UniRef90_A0A2E4HPT1 contains not enough characters (250)
ERROR: Sequence Pr__SAR86__UniRef90_A0A937M2P1 contains not enough characters (250)
ERROR: Sequence Pr__Bacteria__UniRef90_A0A1L2YW54 contains not enough characters (249)
ERROR: Sequence Pr__root__UniRef90_A0A2E2ZER7 contains not enough characters (249)
ERROR: Sequence Pr__Pseudomonadota__UniRef90_A0A944UJK0 contains not enough characters (249)
ERROR: Sequence Pr__Pseudomonadota__UniRef90_A0A0R2UEA1 contains not enough characters (248)
ERROR: Sequence Pr__root__UniRef90_A0A520TL11 contains not enough characters (248)
ERROR: Sequence Pr__Woeseiaceae__UniRef90_A0A2E8TNK7 contains not enough characters (248)
ERROR: Sequence Pr__Gammaproteobacteria__UniRef90_A0A3S5JK93 contains not enough characters (247)
ERROR: Sequence Pr__Gammaproteobacteria__UniRef90_A0A2E1J3Y9 contains not enough characters (246)
ERROR: Sequence Pr__root__UniRef90_A0A1L2YW34 contains not enough characters (245)
ERROR: Sequence Pr__root__UniRef90_A0A1L2YW57 contains not enough characters (243)
ERROR: Sequence Pr__SAR86__UniRef90_A0A520MXC4 contains not enough characters (243)
ERROR: Sequence Pr__SAR86__UniRef90_A0A520N6G6 contains not enough characters (242)
ERROR: Sequence Pr__Gammaproteobacteria__UniRef90_A0A2E1F7G8 contains not enough characters (242)
ERROR: Sequence Pr__Hyphomicrobiales__UniRef90_A0A2E1CNU6 contains not enough characters (230)
ERROR: Sequence Pr__Gammaproteobacteria__UniRef90_A0A2E2D3E2 contains not enough characters (229)
ERROR: Sequence Pr__root__UniRef90_A1YC78 contains not enough characters (162)
ERROR: Sequence Pr__uncultured__UniRef90_A8QLU9 contains not enough characters (161)
ERROR: Sequence Xer__Chamaesiphon__UniRef90_K9UDV6 contains too many characters (308)
ERROR: Sequence Xer__Chamaesiphon__UniRef90_UPI001FE7BDD5 contains not enough characters (284)
ERROR: Sequence Xer__Chlorogloeopsis__UniRef90_A0A433NPX7 contains not enough characters (278)
ERROR: Sequence Xer__Fischerella__UniRef90_A0A2N6KA72 contains not enough characters (266)
ERROR: Sequence Xer__Plectonema__UniRef90_A0A8J7FDH7 contains not enough characters (276)
ERROR: Sequence Xer__Chroococcidiopsis__UniRef90_K9U4X1 contains not enough characters (276)
ERROR: Sequence Xer__Cyanobacteria__UniRef90_A0A350XF02 contains not enough characters (275)
ERROR: Sequence Xer__unclassified__UniRef90_UPI00286B4FBA contains not enough characters (275)
ERROR: Sequence Xer__Myxacorys__UniRef90_A0A8J8CI44 contains not enough characters (273)
ERROR: Sequence Xer__Trichocoleus__UniRef90_UPI0025B4A839 contains not enough characters (270)
ERROR: Sequence Xer__Pegethrix__UniRef90_A0A951P8X6 contains not enough characters (269)
ERROR: Sequence Xer__Leptolyngbya__UniRef90_UPI0021F24B09 contains not enough characters (269)
ERROR: Sequence Xer__unclassified__UniRef90_A0A2H2XBQ5 contains not enough characters (268)
ERROR: Sequence Xer__Cyanophyceae__UniRef90_A0A8J7FVH2 contains not enough characters (268)
ERROR: Sequence Xer__Cyanobacteria__UniRef90_A0A926SLQ3 contains not enough characters (268)
ERROR: Sequence Xer__unclassified__UniRef90_A0A969FFI9 contains not enough characters (268)
ERROR: Sequence Xer__Leptolyngbya__UniRef90_A0A5Q4E204 contains not enough characters (268)
ERROR: Sequence Xer__Calothrix__UniRef90_A0A930XBC0 contains not enough characters (268)
ERROR: Sequence Xer__filamentous__UniRef90_A0A2T2W344 contains not enough characters (267)
ERROR: Sequence Xer__Synechococcales__UniRef90_A0A930XI48 contains not enough characters (267)
ERROR: Sequence Xer__unclassified__UniRef90_A0A8J7EH67 contains not enough characters (267)
ERROR: Sequence Xer__Aliterella__UniRef90_A0A0D8ZMP0 contains not enough characters (267)
ERROR: Sequence Xer__Cyanophyceae__UniRef90_K9XIR7 contains not enough characters (267)
ERROR: Sequence Xer__Thermocoleostomius__UniRef90_A0A9E8ZCC3 contains not enough characters (267)
ERROR: Sequence Xer__Gloeocapsopsis__UniRef90_A0A2G7GF90 contains not enough characters (266)
ERROR: Sequence Xer__Dulcicalothrix__UniRef90_A0A3S1AGP4 contains not enough characters (266)
ERROR: Sequence Xer__Gloeocapsopsis__UniRef90_A0A6N8G1P5 contains not enough characters (266)
ERROR: Sequence Xer__filamentous__UniRef90_A0A2P8W550 contains not enough characters (266)
ERROR: Sequence Xer__Gloeothece__UniRef90_B7KKH0 contains not enough characters (264)
ERROR: Sequence Xer__Chlorogloeopsis__UniRef90_UPI0025AA4827 contains not enough characters (264)
ERROR: Sequence Xer__Nodosilinea__UniRef90_A0AA97EF24 contains not enough characters (263)
ERROR: Sequence Xer__Komarekiella__UniRef90_A0AA40SV90 contains not enough characters (262)
ERROR: Sequence Xer__unclassified__UniRef90_A0A1Z4IC28 contains not enough characters (261)
ERROR: Sequence Xer__Nostocaceae__UniRef90_Q8YSC4 contains not enough characters (261)
ERROR: Sequence Xer__Nodosilinea__UniRef90_UPI0023B27A9D contains not enough characters (261)
ERROR: Sequence Xer__Nostoc__UniRef90_UPI0016870F7A contains not enough characters (261)
ERROR: Sequence Xer__Anabaena__UniRef90_UPI001681BA92 contains not enough characters (261)
ERROR: Sequence Xer__Leptolyngbyaceae__UniRef90_A0A2W4TRN2 contains not enough characters (258)
ERROR: Sequence Xer__Leptolyngbyaceae__UniRef90_A0A968UBD0 contains not enough characters (258)
ERROR: Sequence Xer__Leptolyngbyaceae__UniRef90_A0A969KQC5 contains not enough characters (258)
ERROR: Sequence Xer__Phormidesmis__UniRef90_A0A0P7YZ09 contains not enough characters (244)
ERROR: Sequence Xer__Chroococcidiopsis__UniRef90_A0A2P8QWW1 contains not enough characters (240)
ERROR: Sequence Xer__Leptolyngbya__UniRef90_A0A926UDI1 contains not enough characters (240)
ERROR: Sequence Xer__Cyanobacteriota__UniRef90_A0A927ENI9 contains not enough characters (240)
ERROR: Sequence Xer__Leptolyngbya__UniRef90_A0A926V7J7 contains not enough characters (240)
ERROR: Sequence Xer__Trichocoleus__UniRef90_A0A8J7B835 contains not enough characters (240)
ERROR: Sequence Xer__Phormidium__UniRef90_UPI0016846037 contains not enough characters (240)
ERROR: Sequence Xer__Oculatella__UniRef90_A0A8J7EW44 contains not enough characters (238)
ERROR: Sequence Xer__Oscillatoria__UniRef90_A0A926X8P0 contains not enough characters (238)
ERROR: Sequence Xer__Cyanobacteria__UniRef90_A0A926PY22 contains not enough characters (237)
ERROR: Sequence Xlr__Deinococcus__UniRef90_A0A1U7NV99 contains too many characters (305)
ERROR: Sequence Xlr__Cyanobacteria__UniRef90_A0A969T0G4 contains too many characters (299)
ERROR: Sequence Xlr__unclassified__UniRef90_UPI001E3E6221 contains too many characters (299)
ERROR: Sequence Xlr__Deinococcus__UniRef90_UPI001ED8D96D contains too many characters (299)
ERROR: Sequence Xlr__Deinococcus__UniRef90_UPI002869BBA0 contains too many characters (299)
ERROR: Sequence Xlr__unclassified__UniRef90_A0A969FEC7 contains not enough characters (297)
ERROR: Sequence Xlr__Cyanophyceae__UniRef90_A0A2W7ARY7 contains not enough characters (297)
ERROR: Sequence Xlr__Leptolyngbya__UniRef90_A0A925M2S9 contains not enough characters (297)
ERROR: Sequence Xlr__Deinococcus__UniRef90_A0A2K3UTP4 contains not enough characters (285)
ERROR: Sequence Xlr__Deinococcus__UniRef90_A0A172TD44 contains not enough characters (285)
ERROR: Sequence Xlr__Deinococcus__UniRef90_A0A917PC33 contains not enough characters (295)
ERROR: Sequence Xlr__Deinococcus__UniRef90_A0A918CFF3 contains not enough characters (293)
ERROR: Sequence Xlr__Deinococcales__UniRef90_A0A924RR09 contains not enough characters (288)
ERROR: Sequence Xlr__Gracilibacteria__UniRef90_A0A968T6V2 contains not enough characters (284)
ERROR: Sequence Xlr__Leptolyngbya__UniRef90_U9W0I1 contains not enough characters (282)
ERROR: Sequence Xlr__Halothece__UniRef90_K9YEI2 contains not enough characters (281)
ERROR: Sequence Xlr__Cyanophyceae__UniRef90_A0A8T6QQF4 contains not enough characters (281)
ERROR: Sequence Xlr__Halomicronema__UniRef90_UPI0021030F7B contains not enough characters (281)
ERROR: Sequence Xlr__Leptolyngbya__UniRef90_A0A6H2NHV9 contains not enough characters (276)
ERROR: Sequence Xlr__Frankiaceae__UniRef90_A0A924NQ99 contains not enough characters (275)
ERROR: Sequence Xlr__Williamsia__UniRef90_UPI001BDAAC7A contains not enough characters (272)
ERROR: Sequence Xlr__Meiothermus__UniRef90_A0A370JXE9 contains not enough characters (270)
ERROR: Sequence Xlr__Cyanophyceae__UniRef90_A0A8J7JTD9 contains not enough characters (269)
ERROR: Sequence Xlr__Meiothermus__UniRef90_UPI0005667CA7 contains not enough characters (269)
ERROR: Sequence Xlr__Meiothermus__UniRef90_UPI000408B316 contains not enough characters (269)
ERROR: Sequence Xlr__Salisaeta__UniRef90_UPI0003B640DC contains not enough characters (266)
ERROR: Sequence Xlr__Symploca__UniRef90_A0A845YHD9 contains not enough characters (265)
ERROR: Sequence Xlr__Trueperaceae__UniRef90_A0A5Q4G3V2 contains not enough characters (264)
ERROR: Sequence Xlr__Chloroflexota__UniRef90_A0A6L9IXQ0 contains not enough characters (264)
ERROR: Sequence Xlr__Leptolyngbyaceae__UniRef90_K8GTY7 contains not enough characters (262)
ERROR: Sequence Xlr__Thermaceae__UniRef90_A0A931EK09 contains not enough characters (262)
ERROR: Sequence Xlr__Deltaproteobacteria__UniRef90_A0A2D4SQ06 contains not enough characters (262)
ERROR: Sequence Xlr__Deltaproteobacteria__UniRef90_A0A2E7UR14 contains not enough characters (262)
ERROR: Sequence Xlr__Myxococcales__UniRef90_A0A2E7ZR97 contains not enough characters (261)
ERROR: Sequence Xlr__Rhodothermales__UniRef90_A0A9D8YSH6 contains not enough characters (261)
ERROR: Sequence Xlr__Bacteroidota__UniRef90_A0A3M2FMH9 contains not enough characters (260)
ERROR: Sequence Xlr__Roseiflexaceae__UniRef90_A0A926CB40 contains not enough characters (259)
ERROR: Sequence Xlr__unclassified__UniRef90_A5UXH7 contains not enough characters (259)
ERROR: Sequence Xlr__Deinococcus__UniRef90_UPI0025F8D0E5 contains not enough characters (259)
ERROR: Sequence Xlr__Allomeiothermus__UniRef90_UPI0023F38943 contains not enough characters (258)
ERROR: Sequence Xlr__Candidatus__UniRef90_A0A923XRS8 contains not enough characters (257)
ERROR: Sequence Xlr__Oligoflexia__UniRef90_A0A924SSG2 contains not enough characters (256)
ERROR: Sequence Xlr__Oligoflexia__UniRef90_A0A923U6H7 contains not enough characters (255)
ERROR: Sequence Xlr__Pseudobdellovibrionaceae__UniRef90_A0A924ZXQ0 contains not enough characters (253)
ERROR: Sequence Xlr__Bdellovibrio__UniRef90_A0A923V7B8 contains not enough characters (253)
ERROR: Sequence Xlr__Bdellovibrio__UniRef90_A0A924B300 contains not enough characters (253)
ERROR: Sequence Xlr__Deinococcus__UniRef90_UPI001C63F925 contains not enough characters (234)
ERROR: Sequence Xlr__filamentous__UniRef90_A0A2P8WHZ5 contains not enough characters (220)
ERROR: 
