#cycle	#treegen	time	loglik	length	sigma	mu	meanrates	p1	p2	scale	alpha	nmode	stat	statalpha	kappa	allocent
1	0	106	-172648	145.322	1.19157	3.93341	1.04066	47.8397	18.9759	2182.8	1.00508	305	2.5582	11.8456	84.6317	4.15865
2	0	211	-168378	145.143	1.13183	3.40347	1.01719	43.1005	13.7966	2290.21	1.01063	304	2.55406	16.5372	92.152	4.16705
3	0	316	-165510	145.148	0.994178	2.67407	1.02342	31.8559	13.2172	2287.73	1.02238	298	2.55416	16.7049	73.5826	4.1102
4	0	421	-163277	145.049	0.870445	2.20866	0.986945	7.42949	3.71969	5435.33	1.02691	294	2.55526	16.6996	73.1067	4.12386
5	0	525	-161462	145.032	0.754882	2.09598	0.951174	1.53642	2.11039	7004.73	1.03257	300	2.54976	17.0662	80.3199	4.12114
6	0	629	-159847	145.665	0.772035	1.87125	1.01223	1.88148	2.71228	6422.65	1.04275	299	2.55233	16.952	86.5428	4.09566
7	0	733	-158319	145.252	0.712704	2.00618	0.993641	1.88788	2.53463	6155.82	1.04179	300	2.55403	16.5299	84.212	4.0933
8	0	837	-156980	145.409	0.68873	1.7637	0.998611	2.7295	2.89317	5489.66	1.05082	303	2.55299	17.3316	83.1397	4.10314
9	0	941	-155849	145.928	0.71066	1.94029	0.951804	2.60143	1.97652	7266.42	1.06122	300	2.55538	17.2751	84.9322	4.06387
10	0	1045	-154884	145.682	0.705709	2.11366	0.976235	2.52557	3.75503	7277.43	1.07427	296	2.55288	17.4009	83.3174	4.07365
11	0	1149	-153911	146.052	0.689718	2.04019	0.996255	1.43742	3.25872	8283.31	1.06917	295	2.54957	16.706	85.1658	4.06086
12	0	1253	-153061	146.498	0.68017	1.94277	0.976399	1.31697	2.90447	6578.48	1.07737	287	2.5516	16.9287	81.4722	4.05882
13	0	1357	-152346	146.629	0.654349	1.97422	0.951875	2.78801	4.70662	6437.72	1.07261	286	2.55272	16.7294	89.578	4.02951
14	0	1461	-151641	147.241	0.619408	2.05479	1.00908	2.36151	3.71856	7490.62	1.08207	288	2.5524	17.2791	78.1737	4.02326
15	0	1564	-150996	146.963	0.605714	2.00706	0.950097	2.52496	4.56987	7461.92	1.07665	285	2.54896	17.0061	78.1526	4.0136
16	0	1668	-150405	147.493	0.605222	2.10183	1.00941	1.24846	4.02662	8897.88	1.0817	284	2.55032	17.0015	73.3692	3.99232
17	0	1772	-149894	147.432	0.592045	2.17392	0.989533	1.53697	6.27444	7333.81	1.08993	285	2.54663	16.2004	71.6698	4.01015
18	0	1876	-149394	147.64	0.587248	2.22338	1.00255	1.31737	6.19273	7757.2	1.10859	282	2.54935	16.5105	81.8316	3.98892
19	0	1980	-148894	147.682	0.550777	2.04848	1.03995	0.684127	6.76868	7321.25	1.10565	281	2.54735	16.6522	76.8947	3.96703
20	0	2084	-148496	147.815	0.607419	1.96222	0.998257	0.935099	5.35733	6895.31	1.11928	278	2.54918	16.5372	64.9644	3.96066
21	0	2187	-148176	147.946	0.551275	2.13912	1.01184	0.150017	7.38636	6903.02	1.12355	282	2.55223	17.0891	68.9604	3.96052
22	0	2291	-147811	148.479	0.525567	2.16423	1.03779	0.866948	6.08413	7944.75	1.12552	284	2.55199	16.6637	80.772	3.9783
23	0	2394	-147418	148.843	0.584816	1.9088	0.970066	2.14574	6.45677	7005.89	1.13004	290	2.55678	17.0185	78.7327	3.97571
24	0	2498	-147152	148.937	0.540311	2.07236	1.02514	2.96554	10.2672	6761.56	1.13389	294	2.56024	17.1648	85.014	3.97541
25	0	2602	-146868	148.904	0.541451	2.01919	0.971113	1.35267	7.84315	7373.4	1.14761	295	2.56522	17.1754	86.9166	3.97946
26	0	2705	-146566	149.012	0.558203	2.10701	1.004	2.05688	7.44242	8834.67	1.15323	294	2.56525	17.3313	90.8266	3.97123
27	0	2808	-146311	148.982	0.521667	2.30219	0.990465	2.36443	8.6835	8279.18	1.14438	289	2.56577	17.4733	85.2996	3.9649
28	0	2912	-146140	149.597	0.511627	2.10792	0.947943	1.10741	6.78354	10089.2	1.15266	284	2.5673	16.4462	77.6041	3.94678
29	0	3015	-145959	149.9	0.491461	2.23899	0.994212	0.811869	7.45536	9785.31	1.14164	281	2.5669	16.8066	76.7448	3.9324
30	0	3118	-145812	150.22	0.505263	2.14886	1.02442	1.60849	11.267	9151.92	1.14002	280	2.56874	17.4478	77.8966	3.92334
31	0	3221	-145636	151.292	0.465049	2.29497	0.986989	1.13802	10.1001	9304.81	1.14737	277	2.56936	17.0464	76.0526	3.93204
32	0	3324	-145496	151.781	0.507328	2.36544	0.987196	1.05266	14.6136	7942.24	1.15414	271	2.57351	16.5581	72.8855	3.90276
33	0	3427	-145342	153.424	0.496114	2.33602	0.998415	0.807827	9.59128	9520.28	1.15742	268	2.56959	16.9303	75.1054	3.8994
34	0	3530	-145206	153.32	0.473591	2.31881	0.99726	1.10276	15.4837	9621.72	1.16257	267	2.57177	16.8004	72.8286	3.87084
35	0	3633	-145078	153.729	0.492532	2.34355	0.99801	0.260239	14.6623	9354.73	1.15898	270	2.57123	17.038	64.4776	3.87055
36	0	3736	-144953	153.818	0.50864	2.24657	0.99206	2.79864	11.6874	10183.9	1.14571	271	2.57113	17.0103	79.0804	3.88133
37	0	3839	-144823	154.412	0.458687	2.41873	1.00184	0.897085	12.138	12821.1	1.14399	265	2.57105	17.3425	71.8602	3.85027
38	0	3942	-144731	154.642	0.420336	2.43108	0.992363	1.3431	13.7195	11850.6	1.14296	265	2.57408	17.3535	72.0946	3.87346
39	0	4045	-144649	155.35	0.387571	2.34822	1.01075	1.12562	13.7696	11770.5	1.15102	267	2.57015	17.4669	65.5054	3.86954
40	0	4148	-144567	155.746	0.454763	2.30173	1.00326	0.87853	23.4118	10159.7	1.14762	269	2.5762	17.3414	73.8872	3.83836
41	0	4251	-144465	156.885	0.416052	2.19794	1.04306	0.479989	27.2445	9706.28	1.14868	265	2.57722	16.7773	73.6584	3.82197
42	0	4354	-144354	157.598	0.457937	2.16566	1.00174	0.471122	27.9696	9376.59	1.14317	265	2.57926	17.4116	71.7734	3.81868
43	0	4457	-144279	158.042	0.405719	2.19471	0.991918	1.4497	37.8507	10220.8	1.14717	262	2.5765	17.3114	67.8605	3.83078
44	0	4559	-144252	158.318	0.441093	2.2475	0.9844	0.939598	34.7822	10664.2	1.15058	259	2.57727	17.3143	67.2511	3.81221
45	0	4662	-144217	158.535	0.376691	2.27084	0.99087	0.857771	40.8762	11429.3	1.15566	263	2.57942	17.5239	71.2662	3.81721
46	0	4765	-144139	159.181	0.369502	2.37604	1.00918	2.14349	59.8184	10446.3	1.16488	262	2.58045	17.5121	73.1185	3.80597
47	0	4867	-144100	159.585	0.412977	2.39442	1.01821	0.144947	56.075	11399.2	1.15758	261	2.5834	17.1893	79.2464	3.8066
48	0	4970	-144079	159.773	0.388421	2.23029	0.993825	0.187775	59.9729	11094.5	1.1637	256	2.58409	17.1738	63.5917	3.78349
49	0	5072	-144014	160.409	0.386355	2.26494	0.981382	0.583258	93.1293	10442.3	1.16827	254	2.58081	17.1737	70.5467	3.80595
50	0	5175	-143949	161.1	0.389122	2.39819	0.976974	1.49064	88.8513	12711.7	1.17158	259	2.58104	17.4123	69.5288	3.7942
51	0	5278	-143933	161.107	0.397486	2.58912	1.04057	0.581759	100.825	11722.9	1.16563	255	2.58157	17.4935	64.1581	3.76468
52	0	5381	-143896	161.695	0.413605	2.70274	1.00415	1.10373	136.399	12073.8	1.16851	257	2.58258	17.7055	71.7921	3.76601
53	0	5483	-143808	162.1	0.376619	2.64149	1.00065	1.65644	121.008	13055.3	1.1641	252	2.58512	17.6919	64.2905	3.78065
54	0	5586	-143779	162.611	0.386647	2.59617	1.00538	1.67195	133.326	12734.7	1.15489	253	2.58479	18.0699	76.6304	3.7846
55	0	5688	-143752	162.797	0.387233	2.60989	1.00002	1.04503	133.064	13381.4	1.16231	253	2.5807	17.645	73.3273	3.80048
56	0	5791	-143700	162.599	0.440212	2.35377	0.998149	1.74701	171.843	12779.2	1.16256	250	2.58422	18.0138	59.6442	3.78588
57	0	5893	-143693	163.037	0.396097	2.49234	0.992977	0.125471	165.76	13321.7	1.16387	249	2.58398	18.2171	69.736	3.78265
58	0	5996	-143681	164.008	0.419875	2.26499	0.985973	1.24375	139.582	12148.6	1.15606	249	2.58579	18.4386	79.6717	3.76944
59	0	6098	-143709	164.815	0.375351	2.33736	0.983597	1.69922	163.961	12645.7	1.14888	247	2.58565	19.0692	68.1471	3.75535
60	0	6201	-143673	164.983	0.382265	2.24832	1.01335	0.640565	170.475	11840.2	1.1581	244	2.58949	18.7353	72.7798	3.71768
61	0	6303	-143657	165.674	0.39027	2.29237	0.998749	1.41762	183.069	12373.9	1.15332	243	2.58834	18.8616	66.4857	3.71198
62	0	6406	-143616	166.818	0.408838	2.37978	0.963516	0.892414	140.906	13166.4	1.14902	246	2.58851	19.6756	65.7189	3.70679
63	0	6509	-143570	167.109	0.390547	2.33036	0.987663	1.78129	198.95	13260.7	1.13883	248	2.58855	19.3582	65.087	3.70559
64	0	6611	-143538	167.503	0.401941	2.35972	1.01392	1.76007	174.4	13469	1.14309	247	2.58982	19.6216	70.7722	3.70707
65	0	6714	-143480	166.773	0.318949	2.37749	0.994422	1.11295	201.898	13440.6	1.14067	248	2.59156	18.7409	65.8533	3.70443
66	0	6816	-143507	167.346	0.348709	2.39142	0.99869	1.89767	185.053	13293.2	1.14397	247	2.59305	18.5706	73.487	3.70513
67	0	6919	-143524	167.346	0.373537	2.59182	0.974975	1.32098	200.056	13420.7	1.14563	246	2.59287	19.9426	64.503	3.71428
68	0	7022	-143530	168.533	0.384199	2.3639	0.98827	1.72264	194.333	14233.9	1.144	249	2.59372	19.84	64.5999	3.71428
69	0	7124	-143503	169.656	0.387895	2.38408	0.984126	1.99263	211.644	13034	1.14964	248	2.59626	19.0735	66.3185	3.67517
70	0	7227	-143441	170.612	0.404957	2.34181	0.989152	1.70642	259.658	12629.6	1.14659	243	2.59672	18.836	68.2921	3.65803
71	0	7330	-143415	170.099	0.377961	2.54608	0.996844	1.35541	207.974	14939.6	1.15153	243	2.59592	19.5335	58.1013	3.67844
72	0	7433	-143442	170.633	0.341895	2.52112	1.0007	1.20664	212.019	14173.5	1.15172	244	2.59439	19.5739	62.7304	3.67646
73	0	7536	-143413	171.22	0.374855	2.42167	0.990081	1.01068	223.092	13431.9	1.16143	248	2.5911	19.4477	66.5634	3.68387
74	0	7639	-143411	171.674	0.429924	2.55051	0.991481	0.625968	225.349	13164.3	1.16022	245	2.59178	19.3391	59.5859	3.67221
75	0	7742	-143355	171.901	0.383811	2.44929	1.01245	0.742854	249.811	13348.1	1.15133	246	2.59174	18.6303	67.2633	3.67041
76	0	7845	-143340	172.058	0.380495	2.58957	1.01205	0.210647	239.389	12455.8	1.1601	244	2.59314	18.535	63.8244	3.64482
77	0	7949	-143343	172.249	0.38845	2.51705	1.01815	1.77401	252.256	13071.3	1.15017	242	2.59339	18.8582	65.4323	3.63982
78	0	8051	-143355	172.253	0.369408	2.43721	0.995726	2.15775	263.98	12497.9	1.16628	240	2.59045	18.5364	68.1118	3.65524
79	0	8154	-143342	171.455	0.390018	2.36649	0.987479	1.51825	278.819	12064.3	1.16648	240	2.59501	18.64	60.1953	3.66218
80	0	8257	-143321	170.816	0.364472	2.45138	1.01524	1.66612	260.443	14370.7	1.16702	239	2.5959	19.2273	61.79	3.65532
81	0	8360	-143303	171.871	0.347907	2.31705	0.997132	1.54515	260.526	12838.8	1.17264	242	2.59545	20.0156	60.8224	3.65768
82	0	8462	-143273	172.637	0.35106	2.42803	1.01015	0.944258	252.404	13631.5	1.16988	239	2.59287	19.4194	71.3885	3.63525
83	0	8564	-143277	172.585	0.336806	2.39306	1.01858	1.32613	239.454	13863.5	1.17713	238	2.5919	19.0405	61.9564	3.64495
84	0	8667	-143312	172.404	0.333214	2.58175	0.997343	0.607368	291.038	13072.2	1.17186	236	2.5946	19.6618	59.3503	3.62626
85	0	8769	-143274	172.007	0.426798	2.481	1.02916	0.41245	237.316	13679	1.16882	234	2.59358	20.2096	65.6821	3.64207
86	0	8872	-143219	172.96	0.371305	2.52299	0.992567	1.45536	247.355	15420.3	1.182	233	2.59225	19.8343	60.6576	3.68528
87	0	8975	-143258	172.404	0.397505	2.39481	1.02623	1.52404	250.111	13628.4	1.18293	231	2.59073	18.9236	58.4008	3.67245
88	0	9078	-143224	172.293	0.395264	2.48357	0.994893	1.6483	273.562	15851.8	1.17267	230	2.58909	19.1321	53.1794	3.67415
89	0	9180	-143251	172.001	0.329692	2.42236	0.981199	1.68896	233.027	14955	1.1799	227	2.58919	19.4012	58.5474	3.66075
90	0	9283	-143217	172.926	0.362021	2.46674	1.01392	1.01009	244.92	15306.7	1.1807	224	2.59049	19.1826	56.6708	3.6459
91	0	9386	-143227	173.103	0.332754	2.66869	0.994056	1.79801	307.217	15210.6	1.17486	225	2.58749	19.2622	53.2344	3.66308
92	0	9488	-143264	173.852	0.366029	2.51403	1.00624	0.916218	201.307	14613.6	1.17514	226	2.58603	18.387	51.8965	3.67666
93	0	9591	-143272	173.25	0.402298	2.70195	1.00191	1.48	272.637	15429.1	1.19729	228	2.58676	19.1831	68.8596	3.68676
94	0	9694	-143318	173.202	0.420067	2.52308	1.00126	1.01983	254.421	16133.3	1.19264	227	2.58719	19.898	59.0441	3.68431
95	0	9797	-143266	173.413	0.390093	2.52591	0.974292	1.13061	270.279	15356.7	1.1955	230	2.58588	19.7362	63.6605	3.7096
96	0	9899	-143199	173.586	0.381816	2.63875	0.977601	2.01524	288.498	15209.5	1.19715	235	2.59061	19.6291	59.9764	3.67859
97	0	10006	-143220	173.862	0.358519	2.67264	0.986587	1.64365	285.294	15482.1	1.19886	232	2.58835	18.7155	57.7074	3.68082
98	0	10110	-143240	174.388	0.349875	2.32932	1.02227	0.69641	293.467	13871.9	1.19824	233	2.59002	19.6173	55.8246	3.69961
99	0	10212	-143223	174.404	0.339732	2.31402	0.992621	0.3482	324.436	13617.6	1.18807	236	2.58953	19.9592	66.3972	3.69976
100	0	10315	-143160	175.509	0.326677	2.27758	0.976294	0.851593	287.694	14630.4	1.18107	235	2.5908	19.1342	67.233	3.696
101	0	10417	-143156	175.402	0.372842	2.59763	0.997402	0.700705	291.544	14391.4	1.19326	240	2.59183	19.4518	72.1008	3.69084
102	0	10520	-143178	175.343	0.416682	2.50328	1.00492	0.105497	284.89	15435.7	1.19122	241	2.59064	19.6175	66.7964	3.70275
103	0	10623	-143186	175.437	0.372792	2.48554	0.983926	1.76451	310.859	13981	1.19081	241	2.59228	19.4183	65.3835	3.68524
104	0	10726	-143191	175.943	0.396377	2.35952	0.986376	0.457381	274.035	14814	1.19387	242	2.5917	19.697	61.7634	3.71439
105	0	10828	-143175	175.717	0.341663	2.49198	1.02864	0.99057	315.885	15720.6	1.18398	238	2.59075	19.9036	68.2424	3.73063
106	0	10931	-143165	176.539	0.384897	2.58704	0.994235	2.18532	254.153	14536.9	1.18444	237	2.58717	20.131	59.5135	3.73521
107	0	11034	-143128	177.154	0.373049	2.49945	0.986869	1.11609	291.157	15035.8	1.18426	233	2.58784	19.8981	58.0298	3.72022
108	0	11137	-143154	177.46	0.378676	2.43884	1.03357	1.63528	287.216	14055.4	1.18436	237	2.58759	20.0622	54.0393	3.7271
109	0	11239	-143109	177.727	0.366298	2.55554	0.981808	1.11673	285.698	15513	1.19218	234	2.58725	20.0303	58.4976	3.72374
110	0	11342	-143100	177.907	0.369564	2.52518	1.00479	1.48862	299.707	15091.2	1.19818	239	2.58589	20.5226	60.2818	3.74454
111	0	11444	-143112	178.334	0.343114	2.6805	1.00352	1.75366	251.618	15122.3	1.19155	238	2.58636	19.7462	51.0723	3.7246
112	0	11547	-143113	178.121	0.388463	2.62224	0.998134	1.00224	236.485	17303.6	1.19005	241	2.58492	19.3122	64.2098	3.70023
113	0	11650	-143117	178.392	0.387806	2.4154	1.03016	1.80996	319.763	14983.4	1.18458	241	2.58481	19.3782	70.5844	3.70821
114	0	11752	-143148	178.557	0.42969	2.42867	1.00733	0.396702	277.622	13850.6	1.1874	238	2.58427	18.6825	58.3491	3.71456
115	0	11855	-143141	178.789	0.360913	2.19037	1.02968	1.76385	225.404	14255.5	1.18739	235	2.58555	18.9937	66.7772	3.69725
116	0	11958	-143111	179.154	0.367424	2.26488	0.991651	0.61789	279.782	13388.6	1.17777	237	2.58615	19.111	57.7023	3.68471
117	0	12061	-143095	179.642	0.381254	2.08886	0.989853	1.20552	270.136	13236.7	1.17612	238	2.58685	18.6891	63.3239	3.67979
118	0	12163	-143095	180.15	0.357333	2.18378	1.00624	1.36583	279.738	11838.2	1.1809	237	2.58942	19.0071	68.1111	3.66205
119	0	12266	-143136	180.606	0.373068	2.23761	0.999057	1.39441	276.587	13081	1.19081	241	2.59157	19.4568	61.4501	3.67441
120	0	12369	-143131	180.284	0.329788	2.24402	0.991291	1.78557	263.613	12248.1	1.18907	239	2.59289	20.391	63.9296	3.6883
121	0	12471	-143131	180.065	0.329858	2.10381	1.04076	0.77247	253.54	12397.5	1.18503	239	2.59279	19.6666	63.3218	3.69864
122	0	12573	-143156	180.574	0.353655	2.2185	0.992829	1.43352	251.406	13269.2	1.18761	238	2.59471	20.0122	54.6262	3.69852
123	0	12675	-143150	180.403	0.352082	2.25603	0.976989	1.18765	224.49	14221.2	1.17525	236	2.59063	19.6444	64.5192	3.71452
124	0	12779	-143173	180.294	0.345617	2.35061	1.02277	1.26657	282.373	12996.3	1.17224	237	2.59275	20.3276	63.6557	3.70874
125	0	12881	-143186	180.481	0.334632	2.54788	1.00409	2.21259	277.252	14046.5	1.16358	230	2.59466	20.1781	62.8859	3.72361
126	0	12984	-143203	181.444	0.345919	2.52485	1.00461	1.84896	282.359	15296.4	1.16765	231	2.59695	20.5502	52.8881	3.73493
127	0	13087	-143148	181.841	0.346564	2.52773	1.0119	0.43646	250.206	14407.9	1.17047	233	2.59503	20.1762	64.1441	3.75437
128	0	13189	-143131	182.38	0.35188	2.52825	0.993545	1.24647	279.841	14950.1	1.16734	227	2.59415	19.535	58.2476	3.74957
129	0	13292	-143143	182.77	0.318862	2.60366	0.997011	1.04482	286.016	15783	1.17105	230	2.59513	19.9539	66.375	3.73352
130	0	13395	-143141	182.933	0.363034	2.65709	0.994037	0.64711	310.745	14701.6	1.17234	233	2.59446	19.1958	56.4024	3.74923
131	0	13497	-143137	182.271	0.351628	2.59904	1.02637	1.00676	323.281	16354.5	1.1714	239	2.59343	20.5358	68.2681	3.77049
132	0	13600	-143131	182.871	0.362784	2.55113	0.977217	1.47711	270.809	15568.9	1.17639	238	2.59479	20.5422	65.3651	3.75271
133	0	13703	-143126	183.45	0.325254	2.63779	0.986602	0.680921	270.28	14526.7	1.17084	236	2.594	20.9039	56.5202	3.72638
134	0	13806	-143113	183.608	0.376349	2.68574	1.01886	1.93287	362.729	14305.5	1.1608	235	2.59678	19.96	57.0923	3.69742
135	0	13909	-143110	185.179	0.361567	2.66474	0.994159	1.43323	327.241	16913.3	1.17312	233	2.59709	19.7182	59.898	3.69969
136	0	14012	-143107	184.886	0.312505	2.55811	1.01216	1.41549	265.26	15419.4	1.17301	231	2.5972	20.2823	58.5113	3.67886
137	0	14114	-143111	185.433	0.33715	2.7307	0.994771	1.62432	305.666	15536.2	1.17596	233	2.60067	20.0525	52.4864	3.67343
138	0	14218	-143088	185.698	0.328306	2.7329	1.0087	1.34339	300.188	16052.8	1.17229	232	2.59943	19.7298	54.6701	3.68571
139	0	14321	-143087	185.836	0.36298	2.65751	1.01069	1.63602	311.399	14702.4	1.17446	232	2.59801	19.7357	53.1161	3.67798
140	0	14424	-143159	185.855	0.334044	2.57851	1.00072	1.41007	309.494	14761.1	1.1751	229	2.59833	18.979	55.5385	3.66895
141	0	14527	-143142	186.633	0.34579	2.51921	1.00664	0.206292	312.668	14499.1	1.18073	226	2.59681	19.3234	59.9469	3.66272
142	0	14630	-143109	187.424	0.349973	2.72269	1.00743	1.87445	332.715	16280.3	1.18108	225	2.5971	19.0766	52.9764	3.64287
143	0	14733	-143128	187.581	0.353805	2.70006	0.98367	1.28058	307.248	15074.3	1.1896	226	2.59633	19.3429	59.35	3.67271
144	0	14836	-143155	187.371	0.330635	2.8628	0.990144	1.56601	306.699	15675.7	1.19624	227	2.59741	19.8113	55.8259	3.67065
145	0	14939	-143157	187.755	0.355542	2.7975	0.985828	0.911075	279.665	19030.6	1.19514	228	2.59467	20.2295	56.0513	3.67481
146	0	15041	-143156	189.188	0.366073	2.93674	1.02371	1.11088	273.918	16914	1.20343	226	2.593	19.9985	52.2563	3.6856
147	0	15144	-143154	189.53	0.338767	2.78566	0.999706	1.5527	266.808	16786.9	1.19198	229	2.59312	20.227	58.5503	3.71825
148	0	15247	-143167	189.647	0.344298	2.8974	1.00436	0.885573	250.543	15803.7	1.20114	228	2.59009	19.4462	61.4808	3.71348
149	0	15350	-143164	189.745	0.353355	2.7943	0.968764	1.35632	248.915	16480.8	1.20075	228	2.59102	20.4099	62.5549	3.7115
150	0	15453	-143138	189.253	0.34653	2.70435	1.00241	1.61036	302.522	14788.3	1.19596	224	2.59353	20.5055	60.0441	3.71616
151	0	15556	-143149	189.141	0.315925	2.76934	1.0547	1.48875	310.001	14266.8	1.19829	227	2.59262	20.5097	59.626	3.71212
152	0	15659	-143117	190.016	0.314663	2.69408	0.979098	1.90562	267.455	14034.4	1.19477	226	2.59175	20.2954	51.4133	3.69849
153	0	15762	-143134	190.36	0.353712	2.64942	1.02107	0.607475	302.011	13560.6	1.18743	223	2.59525	20.0075	60.7045	3.68025
154	0	15864	-143128	190.341	0.351636	2.69648	1.02061	1.22649	275.757	15321.2	1.19712	225	2.59497	19.715	59.3611	3.68536
155	0	15966	-143129	190.404	0.333271	2.65564	1.01425	1.3392	285.019	15499	1.20194	225	2.59563	19.9495	61.7837	3.68961
156	0	16069	-143119	189.607	0.337579	3.02227	0.983357	0.701761	271.877	17123	1.20682	222	2.59478	19.6167	70.3869	3.6738
157	0	16172	-143091	189.718	0.328831	2.66237	0.97223	1.49279	266.159	15654.9	1.20093	221	2.59494	19.6311	51.0155	3.68627
158	0	16274	-143124	189.631	0.307042	2.69794	1.0045	1.54741	286.119	15768.2	1.20431	222	2.59135	19.9215	52.3864	3.70563
159	0	16377	-143098	189.15	0.313489	2.66325	0.971819	0.780764	329.235	14922.2	1.20856	221	2.59238	19.2767	55.1381	3.70299
160	0	16480	-143069	189.05	0.338264	2.64062	1.002	1.40082	274.159	15353.5	1.21088	221	2.59112	19.9006	63.0832	3.69614
161	0	16583	-143045	188.902	0.312263	2.58625	0.994112	1.91934	239.787	15163.5	1.21639	220	2.59033	19.4998	61.1623	3.69137
162	0	16685	-143065	189.117	0.333529	2.77354	0.991573	1.50082	307.616	15434.2	1.22246	221	2.59165	20.5159	50.3222	3.70386
163	0	16788	-143020	188.915	0.289897	2.80806	1.00272	1.62483	288.321	16987.9	1.22001	222	2.59344	20.5914	56.761	3.69178
164	0	16893	-143001	189.11	0.301414	2.76758	1.03788	1.19856	377.924	15076	1.2254	222	2.58958	20.1703	60.9865	3.71071
165	0	16996	-143045	189.737	0.3404	2.70081	0.995804	1.38742	250.252	15535.2	1.22809	220	2.59348	20.3324	60.371	3.68629
166	0	17098	-143061	189.89	0.338621	2.66675	1.01774	0.929046	305.832	15455.6	1.22188	221	2.59157	20.5743	64.8517	3.71508
167	0	17201	-143041	189.979	0.385377	2.73456	1.01657	0.939053	265.553	16630.9	1.21936	217	2.59216	20.2445	64.0792	3.6971
168	0	17304	-143012	189.985	0.370842	2.78111	1.00669	1.24995	294.566	16517.6	1.2223	218	2.593	20.9923	49.5299	3.70568
169	0	17407	-143026	190.274	0.375633	2.91658	1.0147	1.25435	265.239	15784.6	1.21672	216	2.59357	20.827	50.7143	3.70136
170	0	17509	-143027	190.374	0.347155	3.04817	1.01629	2.12119	284.675	17625.6	1.22158	215	2.59139	19.9726	53.9809	3.69235
171	0	17612	-143084	190.899	0.371424	2.7315	0.99928	0.477645	271.323	14546.8	1.22555	216	2.59408	20.0157	49.3055	3.67734
172	0	17715	-143104	191.434	0.322685	2.63763	0.996698	1.40872	260.876	16002.7	1.23247	215	2.59242	20.1815	48.4925	3.6765
173	0	17818	-143046	192.029	0.323497	2.68514	0.993574	0.80522	268.041	15218.8	1.23923	213	2.5916	20.0398	58.6812	3.67048
174	0	17921	-143056	191.917	0.326895	2.72631	1.01423	1.18553	275.349	15291.4	1.2318	211	2.59239	19.6486	48.3017	3.61072
175	0	18024	-143043	191.576	0.319475	2.72059	1.00325	1.59633	263.798	17394.2	1.22884	210	2.59437	19.1667	51.8031	3.61244
176	0	18127	-143056	192.018	0.354839	2.98154	0.974235	2.14557	266.383	16760.4	1.22336	212	2.59425	19.9629	46.7774	3.6202
177	0	18230	-143065	192.063	0.298585	2.89194	0.997049	1.14995	255.944	17283.6	1.22532	211	2.59313	19.6609	48.5578	3.62649
178	0	18333	-143056	192.017	0.31455	2.9948	0.977941	1.40873	233.707	17334.7	1.22467	209	2.59702	19.187	58.4572	3.61499
179	0	18436	-143051	192.33	0.354926	3.03877	0.9783	2.11022	319.008	16948.4	1.22532	208	2.59505	19.7637	51.2929	3.62807
180	0	18539	-143040	193.082	0.346044	2.93749	0.989588	1.66237	282.263	16420	1.22507	212	2.5936	18.7349	50.4005	3.63069
181	0	18643	-142981	192.728	0.330371	2.90918	0.987116	1.26162	267.864	14849.2	1.23141	212	2.59432	19.9757	43.7955	3.65074
182	0	18746	-142923	193.811	0.326807	2.85068	1.0072	0.963961	271.614	14472.3	1.22519	213	2.59598	20.5518	50.3795	3.65323
183	0	18849	-142968	193.302	0.314911	2.72775	0.971889	2.07457	268.024	15907.6	1.22161	213	2.59687	20.6999	50.7843	3.63812
184	0	18952	-142958	193.561	0.335892	2.91774	1.03231	0.962987	314.432	15121.9	1.21287	214	2.59631	20.6636	49.5577	3.653
185	0	19058	-142979	194.295	0.346661	2.86368	1.00807	1.86737	295.468	16668.3	1.21277	211	2.59653	20.556	53.8512	3.64099
186	0	19162	-143000	194.379	0.309558	2.70954	0.986138	1.85832	291.009	13883.1	1.20646	212	2.59495	20.2918	57.8163	3.64259
187	0	19265	-143024	195.113	0.27296	2.86479	0.98637	1.97723	230.649	15280.1	1.21127	211	2.59432	20.5512	49.1658	3.6579
188	0	19368	-142983	195.372	0.299404	2.72623	1.00726	1.38542	302.037	15185.7	1.20611	208	2.59505	20.3519	41.2366	3.66846
189	0	19471	-143009	195.011	0.342983	2.80722	1.01396	1.89485	320.067	14356.3	1.2124	209	2.59573	20.3956	52.3612	3.69047
190	0	19574	-142996	194.656	0.343725	2.85083	1.00234	1.56636	265.778	15794.4	1.2168	210	2.59565	20.5577	51.752	3.68542
191	0	19677	-142987	195.618	0.315073	3.01894	1.01562	1.8808	291.432	16402.1	1.21604	211	2.59618	20.7636	59.8528	3.69916
192	0	19780	-143002	195.731	0.328247	2.82488	0.990679	1.80693	263.114	14315	1.22111	210	2.5973	20.9455	53.5796	3.68439
193	0	19883	-143012	195.911	0.360164	2.80172	0.978578	0.849017	294.019	14208.7	1.20674	210	2.59909	21.1448	49.1441	3.69245
194	0	19986	-142999	195.471	0.330445	2.9201	0.974865	1.62953	355.788	15648.8	1.20624	210	2.59855	20.7911	46.452	3.68941
195	0	20090	-142993	196.487	0.298168	2.69041	1.00507	1.79515	279.046	14561.2	1.20613	212	2.59739	20.762	52.1696	3.70665
196	0	20193	-143003	197.221	0.332475	2.68079	0.982378	1.68355	347.088	14439.3	1.20771	211	2.59821	20.6414	59.8224	3.70472
197	0	20296	-142973	196.035	0.319156	2.57962	1.00583	0.922201	275.582	14798.2	1.2138	210	2.60126	19.9095	49.0438	3.70515
198	0	20399	-142960	196.275	0.339829	2.78004	1.01407	1.51505	257.391	15513.4	1.21095	212	2.59874	20.6867	56.9239	3.71796
199	0	20502	-142953	196.151	0.358107	2.86158	0.998506	1.81934	314.396	15947.4	1.21051	213	2.59958	20.5268	53.1621	3.70791
200	0	20605	-142958	195.522	0.328916	2.78532	0.986747	1.11194	298.392	15668.5	1.22056	211	2.59994	20.4701	53.5731	3.69905
201	0	20707	-143036	197.076	0.34926	3.021	0.959851	1.33626	311.526	15911.2	1.21571	209	2.59706	20.4298	53.9793	3.71296
202	0	20810	-142993	197.661	0.31606	2.7707	1.00731	2.59411	339.196	15055.7	1.20608	211	2.60042	20.2086	48.2985	3.69475
203	0	20913	-142977	197.448	0.365708	2.8207	1.00893	1.69365	313.029	14795.8	1.2108	215	2.60052	20.7393	51.8503	3.71101
204	0	21016	-143037	197.699	0.345675	2.8465	1.00991	2.48995	279.867	14602.2	1.21096	213	2.60067	21.683	53.8172	3.71569
205	0	21119	-143054	196.79	0.35921	2.81654	1.00651	1.36792	332.27	16323.6	1.20697	216	2.60086	21.4032	56.1587	3.71704
206	0	21222	-143049	197.054	0.314968	2.94388	1.00123	1.64339	322.507	16591.9	1.2145	214	2.60076	21.901	51.1583	3.71766
207	0	21325	-143078	197.242	0.354093	2.98327	1.01273	1.59274	287.215	15430.7	1.21228	215	2.59866	20.5264	56.6654	3.72544
208	0	21429	-143061	196.974	0.349434	2.86494	1.01911	1.11858	272.234	15652.3	1.21381	217	2.59511	21.6753	45.9517	3.74922
209	0	21532	-143056	197.154	0.369883	2.84911	1.0049	0.889069	292.23	15651.2	1.21652	216	2.5948	22.0443	51.1352	3.74731
210	0	21635	-143069	196.43	0.373109	3.02437	0.967142	0.697893	268.709	16382.1	1.21389	213	2.5934	20.8913	52.3412	3.7183
211	0	21738	-143061	196.476	0.335843	2.75071	1.01021	1.06363	272.295	14991.6	1.21097	216	2.59303	20.3391	47.9248	3.72132
212	0	21841	-143038	197.264	0.330838	2.92178	1.029	1.95072	297.872	14945.1	1.20696	216	2.594	20.4911	58.502	3.72892
213	0	21944	-143030	196.907	0.379087	2.82151	0.988538	1.4475	303.924	15990.3	1.20554	212	2.59414	21.1472	53.3818	3.72177
214	0	22047	-143030	197.504	0.388893	2.83051	0.995113	1.35829	314.37	15377.3	1.21642	214	2.59488	20.1597	55.8063	3.70971
215	0	22150	-143030	197.855	0.318399	2.98865	0.969461	1.74128	303.387	16355	1.2145	215	2.59672	20.4355	52.6414	3.69776
216	0	22253	-143035	198.213	0.374859	2.96621	0.993242	2.27794	319.758	13699.3	1.2201	212	2.59601	20.7567	58.5498	3.68556
217	0	22356	-143041	198.235	0.335081	2.84322	1.00427	1.43411	266.958	14772	1.21365	213	2.59585	20.4532	54.7758	3.6757
218	0	22459	-143075	198.291	0.346561	2.81582	0.985133	1.51023	360.986	15303.6	1.20816	215	2.59812	20.6968	53.3892	3.68729
219	0	22562	-143066	198.533	0.352898	2.81994	1.01669	1.45714	280.137	15521.3	1.22328	214	2.59911	21.1155	53.8704	3.68167
220	0	22665	-143042	199.26	0.340432	2.92539	1.02853	1.63731	292.15	13778	1.22262	216	2.59712	21.2419	57.2848	3.68663
221	0	22768	-143029	199.197	0.346803	2.8839	0.96267	1.41694	354.126	15533	1.22776	214	2.59634	21.1335	51.2681	3.70156
222	0	22871	-143028	198.975	0.345017	2.7603	1.01362	1.34781	260.397	14555.4	1.22359	215	2.598	21.4338	53.252	3.71386
223	0	22974	-143039	199.358	0.347121	2.77585	1.00354	0.84424	279.365	14184.5	1.22938	218	2.59987	22.0289	53.6011	3.71639
224	0	23077	-143004	198.949	0.328209	2.87182	1.02365	1.3056	264.886	14762.1	1.22356	219	2.59927	21.1832	56.3835	3.70804
225	0	23181	-142995	198.678	0.353442	2.79565	0.993042	2.41853	291.532	14643.5	1.22514	221	2.59985	21.6157	64.1254	3.71332
226	0	23284	-142999	198.983	0.315425	2.71822	1.00619	2.08026	297.991	14330.7	1.23059	219	2.60264	21.7933	54.4051	3.72278
227	0	23387	-143043	199.233	0.372055	2.87665	0.966737	1.19296	286.062	14879.3	1.23193	220	2.60227	21.907	47.1225	3.72661
228	0	23490	-143015	199.729	0.355741	2.86368	1.02037	1.3332	290.54	15617.6	1.22565	222	2.60242	21.9565	61.2139	3.74108
229	0	23593	-142994	199.126	0.329373	2.75298	0.993249	1.82992	310.752	14701.1	1.22588	225	2.59999	21.2382	58.5181	3.75917
230	0	23697	-143005	198.62	0.356524	2.75132	0.994789	1.94319	273.009	14167.1	1.23368	227	2.60118	21.5504	61.2042	3.76066
231	0	23800	-142991	198.877	0.384938	2.53728	0.982076	0.225611	276.393	14191.1	1.24725	226	2.60343	21.4604	52.2653	3.74147
232	0	23903	-143023	198.393	0.367626	2.75297	0.96052	0.920674	314.978	13539.2	1.24314	226	2.60471	21.3298	58.1181	3.73919
233	0	24006	-143041	198.633	0.371741	2.63857	0.982008	1.31889	295.22	13842.3	1.24429	223	2.60331	20.8289	56.4383	3.73254
234	0	24109	-143036	198.967	0.346154	2.56995	1.00815	2.20922	302.315	13521.6	1.24695	225	2.60444	21.6531	50.8296	3.74722
235	0	24212	-143033	198.996	0.332096	2.43971	0.991123	1.15692	290.5	14126.6	1.25199	225	2.60524	21.7554	51.6457	3.73365
236	0	24315	-143022	199.22	0.394773	2.45535	1.00073	1.30834	285.203	13304.4	1.25182	225	2.60574	21.6653	57.9816	3.73346
237	0	24419	-143022	199.365	0.350393	2.58155	0.993359	1.88228	290.103	14168.4	1.25023	222	2.60354	21.9529	53.4691	3.73024
238	0	24522	-143041	200.062	0.333583	2.49737	1.00654	2.37443	322.807	12939.5	1.25649	219	2.60274	22.1236	52.9145	3.7322
239	0	24625	-143067	200.226	0.359246	2.52575	1.00197	1.3831	313.912	13375.7	1.26469	224	2.60433	21.89	56.0293	3.71924
240	0	24727	-143072	199.307	0.346904	2.54203	1.00024	0.232726	359.352	13254.6	1.26862	221	2.60445	22.5975	55.1614	3.72083
241	0	24830	-143069	198.911	0.360804	2.31617	0.993417	1.30635	324.361	12765.9	1.25561	226	2.60568	22.0159	57.2198	3.72312
242	0	24933	-143073	198.971	0.342203	2.41356	1.0127	1.09885	274.43	13610.4	1.24504	228	2.60388	21.2082	61.9413	3.72654
243	0	25036	-143082	199.793	0.329922	2.65077	0.974246	1.8063	294.161	14348.5	1.25483	226	2.60634	21.504	59.5276	3.71067
244	0	25139	-143055	199.401	0.312612	2.62181	1.01973	3.0287	311.737	13860.3	1.23951	235	2.60563	21.1468	59.186	3.72637
245	0	25242	-143119	199.527	0.351526	2.60967	0.988949	1.26889	309.681	14441	1.23759	234	2.60502	21.6405	65.0657	3.71573
246	0	25346	-143138	199.772	0.315597	2.7419	1.01056	1.58593	291.563	15316.4	1.23909	233	2.60276	21.6621	51.5943	3.73118
247	0	25449	-143128	199.362	0.346772	2.46739	0.978497	2.12497	285.445	12709.1	1.24304	228	2.6039	21.705	61.867	3.7302
248	0	25552	-143105	200.02	0.339395	2.44227	0.983824	2.24493	283.483	13355.9	1.24415	228	2.60291	21.3238	62.6229	3.71172
249	0	25655	-143099	199.899	0.344824	2.60906	0.955036	2.26475	325.516	13576.8	1.23817	226	2.60577	21.1876	60.2248	3.70761
250	0	25758	-143097	199.081	0.341461	2.64171	0.987241	1.67531	283.189	14132.6	1.23725	230	2.60644	21.9633	56.3808	3.70494
251	0	25861	-143082	198.963	0.349085	2.56443	0.996804	1.43732	335.201	14999.8	1.23109	226	2.60475	21.5566	57.7129	3.70468
252	0	25964	-143099	198.599	0.314962	2.71025	1.01078	1.58543	317.71	13312.1	1.23247	223	2.60807	21.5908	54.9758	3.68537
253	0	26067	-143086	198.639	0.308926	2.70745	0.987726	1.52503	338.549	13349.8	1.23028	223	2.60681	21.5618	58.5066	3.69589
254	0	26170	-143086	198.491	0.340797	2.63896	1.00416	1.1083	259.612	14434.2	1.23115	220	2.60576	21.9968	56.9575	3.69186
255	0	26273	-143059	198.302	0.327775	2.5865	0.975688	1.89413	327.247	13016.4	1.22699	219	2.60511	21.4573	59.3266	3.69943
256	0	26376	-143039	197.487	0.327001	2.53913	0.984051	1.58216	276.962	13159.9	1.2279	217	2.60561	22.0506	59.7506	3.70068
257	0	26480	-143079	197.541	0.303618	2.43959	0.990112	1.14852	293.079	12803.5	1.23601	218	2.60783	21.9577	54.9626	3.68969
258	0	26583	-143060	197.474	0.302258	2.42258	1.00696	1.70996	323.413	13526.5	1.23435	215	2.6073	21.5752	56.0972	3.7016
259	0	26686	-143074	198.028	0.311268	2.52069	1.01638	1.21108	321.51	14318.2	1.23799	214	2.60963	21.3293	49.5349	3.72154
260	0	26789	-143100	197.654	0.305654	2.65363	1.0273	0.559917	304.139	14067.2	1.23746	212	2.60978	22.2968	47.9725	3.72244
261	0	26892	-143085	197.592	0.375282	2.52464	1.01814	1.90643	273.861	15376.3	1.24479	214	2.60934	22.1553	50.7252	3.71083
262	0	26995	-143047	197.952	0.368421	2.60836	0.975039	2.12282	315.841	14721.2	1.24536	214	2.61022	21.8443	53.3242	3.70036
263	0	27098	-143078	198.295	0.334575	2.57053	0.972825	1.48321	329.985	14727.1	1.24573	216	2.60971	22.0339	49.8518	3.69603
264	0	27201	-143068	198.021	0.377515	2.69606	0.995769	1.46018	379.748	14477.2	1.23974	218	2.60953	22.4558	55.9737	3.71009
265	0	27304	-143071	199.205	0.31467	2.60731	1.01945	1.58563	319.293	13586.7	1.24013	212	2.60975	22.3685	63.5266	3.69597
266	0	27407	-143094	199.8	0.30746	2.4227	0.99902	1.50053	286.729	15523.5	1.24969	212	2.61045	23.1399	51.3801	3.69208
267	0	27510	-143131	199.113	0.344112	2.54423	0.999234	1.84274	290.285	15055.1	1.23985	214	2.6123	22.19	58.6397	3.67402
268	0	27613	-143026	198.894	0.329494	2.72768	0.983455	2.21254	264.46	15301	1.24464	213	2.61307	22.4366	52.9103	3.68255
269	0	27716	-143026	199.634	0.344408	2.695	1.01187	1.36999	302.095	15969.2	1.248	215	2.61463	22.7629	53.767	3.68076
270	0	27819	-143051	199.552	0.360934	2.74601	1.0098	1.40953	334.805	15483.6	1.2524	216	2.6143	22.8352	53.7495	3.66882
271	0	27922	-143075	198.943	0.363781	2.60671	1.0048	1.43462	314.833	16272.2	1.23726	216	2.6135	23.8531	55.305	3.67104
272	0	28025	-143057	198.248	0.36565	2.62855	1.01053	1.76117	323.282	15632.8	1.23939	212	2.61372	23.3501	49.8603	3.67466
273	0	28128	-143055	197.72	0.330823	2.71608	1.00996	1.76201	320.992	15711.5	1.23882	211	2.61592	22.8448	54.2199	3.65691
274	0	28231	-143047	197.105	0.384792	2.88775	1.008	1.83097	293.056	14624.8	1.24351	211	2.61588	24.1233	52.7069	3.6324
275	0	28334	-143055	196.961	0.364052	2.9029	1.02182	1.51436	285.424	16439	1.25193	211	2.61741	23.0382	46.4484	3.63045
276	0	28437	-143076	197.333	0.348649	2.92273	0.991478	0.970959	313.332	16265	1.25603	212	2.6191	23.946	52.2601	3.62429
277	0	28540	-143075	197.587	0.373617	2.99755	0.991697	0.885644	335.628	17793.8	1.25701	214	2.62286	22.9135	47.5438	3.61502
278	0	28643	-143117	197.906	0.390684	2.73377	1.03145	1.62541	386.169	16029.1	1.26712	211	2.62364	23.3183	54.0766	3.60738
279	0	28746	-143120	197.829	0.368306	3.04822	0.991485	1.03602	356.113	18344.4	1.25949	208	2.62227	23.1627	59.5853	3.62151
280	0	28849	-143087	197.366	0.374711	2.82125	1.01594	1.17834	337.981	16282.7	1.27039	210	2.62252	22.772	55.7445	3.62226
281	0	28952	-143074	197.401	0.365389	2.98468	0.982455	0.964485	379.303	16460.3	1.27728	211	2.61993	22.8187	47.0388	3.60984
282	0	29055	-143057	197.024	0.355057	2.82291	1.02385	1.14925	339.984	17252.3	1.26731	214	2.62029	23.2753	52.8666	3.6073
283	0	29158	-143034	197.375	0.341935	2.81329	0.998006	0.904053	310.248	16735.4	1.27079	218	2.62097	22.6833	60.7859	3.61326
284	0	29261	-143103	197.058	0.353913	2.95153	1.01661	1.90716	297.147	17200.5	1.27234	214	2.62301	22.6935	58.9799	3.61302
285	0	29364	-143090	197.023	0.36334	2.86733	1.01041	1.4428	264.796	17168.4	1.28164	213	2.6215	22.654	53.2054	3.61268
286	0	29467	-143057	197.909	0.383316	2.92575	1.00491	1.80873	265.194	17426.5	1.27859	212	2.61983	22.5212	52.0212	3.61315
287	0	29570	-143047	197.845	0.325116	2.7868	0.988145	1.41231	265.922	16529.3	1.28877	210	2.62069	23.5257	52.0625	3.62883
288	0	29673	-142996	197.937	0.341374	2.81984	1.00123	1.59055	311.158	15092.7	1.29348	213	2.62194	24.1449	58.4799	3.64545
289	0	29776	-143045	197.916	0.33914	2.89344	0.989645	1.71664	279.916	17499.4	1.29891	218	2.62104	23.2062	53.4736	3.64785
290	0	29879	-143007	196.984	0.316456	3.02812	0.996924	1.48252	254.565	18805.1	1.28805	219	2.61986	22.9445	54.8631	3.65835
291	0	29982	-142994	197.067	0.307406	3.04844	0.997144	1.59041	274.416	15631.6	1.28843	214	2.62095	23.5512	48.6354	3.66648
292	0	30085	-142983	197.159	0.338158	2.9219	1.01407	1.42622	256.123	17185.8	1.28667	213	2.61981	22.6158	53.6732	3.66551
293	0	30188	-142973	197.612	0.343402	2.85679	1.00218	1.52911	305.139	16854	1.27942	213	2.62011	22.5157	50.4384	3.66008
294	0	30290	-142978	197.951	0.34935	2.76627	0.996343	1.13209	270.952	16127.5	1.28205	209	2.62109	22.7768	47.4492	3.64475
295	0	30393	-142958	198.296	0.315557	2.71283	1.00259	1.46398	365.487	15744.3	1.28531	213	2.61854	22.8202	50.3925	3.68362
296	0	30496	-143005	198.21	0.338054	2.63076	1.00158	1.48387	301.256	15313.9	1.27575	216	2.61862	22.6602	55.4124	3.68798
297	0	30599	-142990	198.467	0.355177	2.53728	0.986393	0.896832	258.724	14775	1.27794	213	2.62104	21.9395	50.6565	3.66186
298	0	30702	-142975	198.898	0.340611	2.70619	0.972199	1.86139	274.249	15650.6	1.28029	213	2.61918	22.3922	57.2522	3.66409
299	0	30805	-143014	199.089	0.321462	2.61902	0.999919	1.82585	220.96	14015.6	1.27524	213	2.61921	22.5777	52.9876	3.65072
300	0	30909	-143017	199.412	0.34326	2.8289	0.994888	1.94075	282.923	14375.1	1.28056	214	2.62173	23.3473	57.8914	3.64716
301	0	31012	-143053	198.973	0.344985	2.76578	1.00966	2.43244	251.107	14344.1	1.28168	217	2.62091	22.9421	59.2286	3.64983
302	0	31116	-143071	199.693	0.320388	2.85813	1.00539	2.14832	266.678	15228.2	1.27877	221	2.62039	23.0003	56.0885	3.66265
303	0	31219	-143012	199.359	0.34499	2.82565	1.01397	2.18551	249.709	14375.6	1.28415	222	2.62005	23.0084	55.3704	3.66201
304	0	31322	-143002	199.482	0.348547	2.79338	1.01921	0.804893	255.098	15997.5	1.28233	221	2.61921	22.4325	65.6803	3.64723
305	0	31426	-143015	199.318	0.321506	2.70722	0.988065	1.69278	340.044	15298.6	1.2762	220	2.61896	22.9207	56.5706	3.64985
306	0	31529	-143043	199.312	0.360091	2.70448	0.997981	2.05865	321.204	14279.6	1.28389	221	2.61861	22.862	53.7477	3.67195
307	0	31632	-143058	199.29	0.341816	2.81152	1.00005	1.58246	277.991	16025.2	1.27972	221	2.62025	23.3056	61.5057	3.66773
308	0	31735	-143017	200.268	0.311931	2.92428	0.993711	1.97118	317.407	16145.3	1.27593	223	2.61975	23.5114	52.0826	3.66528
309	0	31838	-143021	200.816	0.345895	3.04444	1.00833	1.93797	314.979	16336	1.27451	221	2.62223	22.9741	56.2118	3.65845
310	0	31942	-143045	200.869	0.347095	3.09026	1.01816	1.94961	301.611	16034.2	1.27012	221	2.62312	23.1721	43.8181	3.6484
311	0	32048	-143044	199.713	0.357908	3.0603	0.988137	1.95964	319.01	15932.5	1.26078	219	2.62306	24.1682	49.8206	3.64815
312	0	32151	-143075	200.007	0.320395	3.01639	0.988839	1.72311	318.284	15639.6	1.27422	221	2.62314	23.8132	63.5607	3.67408
313	0	32254	-143055	200.49	0.328208	3.04566	0.977326	1.95943	335.783	14841	1.27177	222	2.62263	24.5743	54.0326	3.67655
314	0	32357	-143120	200.595	0.329508	2.98883	0.979418	1.45493	306.678	16042.3	1.26982	221	2.62058	23.4326	58.0315	3.67407
315	0	32460	-143106	200.646	0.361062	2.99108	1.02171	1.52519	314.037	15937.9	1.26575	219	2.62111	23.3884	60.5342	3.68023
316	0	32564	-143147	200.928	0.337543	2.90565	0.974817	0.311194	311.676	14888.8	1.26892	216	2.62246	24.5295	53.866	3.64723
317	0	32667	-143133	201.431	0.33968	2.76353	1.01931	1.55179	415.318	15202.6	1.25866	215	2.6219	23.8761	55.018	3.661
318	0	32770	-143101	200.982	0.365461	2.92452	1.01043	1.0936	335.543	16738.8	1.25612	216	2.62408	23.9086	61.5699	3.65244
319	0	32873	-143079	200.28	0.360534	2.77549	0.965696	1.01009	255.386	14918.9	1.25885	218	2.62365	23.4039	50.7922	3.66203
320	0	32977	-143113	199.738	0.357	2.90751	0.981851	1.32135	351.388	14883.6	1.26526	222	2.62549	23.932	47.555	3.67073
321	0	33080	-143148	199.96	0.363603	2.68257	0.975013	2.30646	299.046	15236.9	1.26016	219	2.62464	23.7676	53.3228	3.64648
322	0	33183	-143143	200.249	0.372313	2.9515	1.0264	1.29317	316.211	15815.6	1.27134	219	2.62743	23.3655	56.6785	3.64229
323	0	33286	-143144	199.971	0.359582	3.07363	0.986567	2.27379	285.506	17267.5	1.26873	218	2.62859	23.5586	52.6689	3.62222
324	0	33389	-143123	199.976	0.405826	2.87758	0.999231	1.72913	317.773	15480.8	1.27595	221	2.62777	23.312	52.1645	3.63435
325	0	33492	-143108	200.891	0.391219	2.97557	1.00827	2.26742	294.804	15244.3	1.27888	223	2.62888	22.9925	61.9868	3.62909
326	0	33595	-143122	200.818	0.384856	3.17536	1.00154	1.75369	273.876	16522.9	1.27763	222	2.62869	23.2381	54.1596	3.617
327	0	33698	-143058	200.422	0.335226	3.1227	1.00046	1.67597	233.633	17485.9	1.27853	225	2.62834	22.9218	50.208	3.64991
328	0	33802	-143091	200.5	0.347815	2.92415	0.99502	0.992918	315.331	16330.2	1.28149	226	2.63149	23.276	54.5673	3.64357
329	0	33905	-143049	200.804	0.339775	2.84512	0.996432	1.42593	263.593	15550.8	1.27835	224	2.63192	23.5522	56.6155	3.65238
330	0	34008	-143074	201.37	0.377588	2.82118	0.977005	1.50104	266.653	15644.7	1.27557	224	2.63181	23.724	57.8443	3.6737
331	0	34111	-143083	200.782	0.332263	2.86871	1.00378	2.05613	268.781	15534	1.27386	221	2.62942	23.463	50.1899	3.66888
332	0	34214	-143040	200.966	0.340765	2.71228	1.02133	1.67354	250.669	15167.8	1.28016	221	2.62929	22.9865	56.191	3.70004
333	0	34318	-143094	201.605	0.334705	2.63752	0.971528	1.84793	264.283	16219	1.28213	223	2.63019	22.8868	53.5996	3.70876
334	0	34421	-143087	201.891	0.370266	2.6813	0.987193	1.19487	249.436	16915.9	1.28181	224	2.63147	23.487	54.0606	3.70772
335	0	34525	-143074	202.38	0.380162	2.70811	0.974105	1.59022	330.732	14556.1	1.29209	222	2.63194	23.4642	58.9858	3.70371
336	0	34628	-143039	202.416	0.368495	2.68731	0.9707	1.90944	253.557	16262.1	1.28564	218	2.63024	23.1983	52.6084	3.70524
337	0	34732	-143055	202.734	0.355385	2.54274	1.02166	1.29975	339.666	14077.6	1.28473	218	2.63008	23.1224	59.1474	3.71873
338	0	34835	-143038	203.165	0.319068	2.62744	0.993438	1.51977	243.354	14385.7	1.28603	222	2.62875	23.4768	52.6153	3.72289
339	0	34938	-143041	203.137	0.372643	2.65723	0.993935	1.02521	295.451	16498.4	1.28227	225	2.63011	23.4251	54.8808	3.72908
340	0	35041	-143045	202.77	0.343895	2.48645	0.99637	1.43153	258.486	14564.4	1.28918	227	2.63184	23.6957	58.7939	3.72264
341	0	35144	-143078	203.319	0.368317	2.57475	1.01946	1.87659	270.196	15430.9	1.29157	227	2.63137	23.3144	47.8247	3.71743
342	0	35247	-143110	203.152	0.319828	2.6089	1.01759	1.29966	278.187	14130.5	1.29409	226	2.63182	23.2319	59.375	3.70622
343	0	35350	-143148	203.334	0.340521	2.51818	1.02302	1.2295	315.659	14901.5	1.29529	225	2.63415	23.3805	63.1013	3.70816
344	0	35453	-143171	203.864	0.328696	2.77171	0.983599	1.85084	265.684	14336	1.30663	225	2.63331	23.6019	60.1086	3.70442
345	0	35556	-143112	204.144	0.375425	2.5614	1.0199	0.795536	318.23	13546	1.311	222	2.63	23.5233	60.2201	3.71176
346	0	35660	-143130	204.348	0.346341	2.61837	1.01593	1.91813	383.072	13272	1.32162	222	2.62741	23.6462	53.8588	3.71895
347	0	35763	-143137	204.692	0.33515	2.75538	1.03341	1.22957	296.1	15060.6	1.32991	222	2.6272	23.8566	62.1882	3.71557
348	0	35866	-143136	205.325	0.369408	2.52178	1.02063	1.3575	292.439	14410.8	1.32585	225	2.62372	22.7602	53.6055	3.72369
349	0	35970	-143103	204.979	0.370509	2.38765	1.0098	0.841517	309.42	13656.1	1.32234	223	2.6254	23.1674	55.434	3.69545
350	0	36073	-143107	205.199	0.347106	2.57687	0.978554	1.22743	333.07	12836	1.3234	226	2.62643	23.6451	49.6032	3.70222
351	0	36176	-143106	205.032	0.349153	2.42239	0.99976	1.28707	370.649	12595	1.32416	231	2.62536	23.4519	66.256	3.71281
352	0	36280	-143111	204.609	0.350717	2.51387	1.01034	1.88134	292.287	12589.9	1.32115	231	2.62709	23.79	73.3823	3.71531
353	0	36383	-143103	204.755	0.352214	2.59219	0.994622	1.96168	285.701	12393.4	1.31164	232	2.62565	23.1284	66.1465	3.71464
354	0	36487	-143102	204.114	0.329462	2.42988	0.988571	1.73431	268.906	12768.6	1.32051	233	2.62453	23.7177	58.1743	3.71711
355	0	36590	-143139	204.569	0.338197	2.27545	0.98772	0.675824	300.01	12247.3	1.31479	232	2.6252	22.915	59.3434	3.70128
356	0	36693	-143133	204.684	0.340881	2.26702	0.996575	2.13737	317.569	10986.9	1.30838	230	2.62613	22.4863	63.0476	3.69695
357	0	36796	-143102	203.775	0.363419	2.26988	0.990294	2.29961	323.099	12016	1.3197	229	2.62656	23.1698	55.4625	3.67902
358	0	36901	-143093	203.421	0.366436	2.34961	0.967925	1.01082	283.639	13085.5	1.30903	230	2.62579	23.4639	58.2434	3.68508
359	0	37005	-143119	203.329	0.337838	2.4263	0.984328	1.47431	251.68	12809.5	1.3176	230	2.6252	23.2936	56.1122	3.67941
360	0	37110	-143126	203.191	0.322676	2.46621	1.01507	1.28131	283.306	13390	1.31607	228	2.62742	23.8094	51.9926	3.68025
361	0	37215	-143106	203.495	0.332222	2.35622	0.983514	1.61438	265.607	11721.6	1.31405	228	2.62581	22.7419	57.7123	3.68501
362	0	37319	-143129	203.77	0.320231	2.42874	1.00321	1.51294	271.785	12132.1	1.30595	226	2.62447	23.212	58.9517	3.67701
363	0	37423	-143153	202.462	0.340066	2.47318	1.00828	0.741493	293.809	13583.4	1.29201	226	2.62355	23.7843	66.4982	3.69381
364	0	37527	-143153	202.31	0.342895	2.41787	1.01988	0.68094	304.903	13514.6	1.30221	224	2.62571	23.8557	52.35	3.70021
365	0	37632	-143145	202.703	0.350025	2.58172	1.0051	1.26722	294.472	14359.7	1.30483	226	2.62922	23.9273	58.969	3.66116
366	0	37736	-143138	201.905	0.30516	2.61682	1.01206	1.83645	283.457	13355.4	1.29189	227	2.62872	24.3586	56.4924	3.654
367	0	37840	-143145	201.736	0.340644	2.47979	0.979635	1.87925	262.491	13120.6	1.2907	230	2.62787	22.9314	60.8503	3.65135
368	0	37944	-143123	202.041	0.34415	2.54735	0.993994	1.23689	279.516	14548.7	1.28525	230	2.62526	23.0599	54.7415	3.66904
369	0	38050	-143141	202.881	0.344309	2.52053	1.01127	1.58943	249.634	13287.4	1.2868	233	2.62376	22.8416	59.6905	3.68244
